Using pre-set license
Built from '2022.3/release' branch; Version is '2022.3.12f1 (4fe6e059c7ef) revision 5236448'; Using compiler version '192829333'; Build Type 'Release'
OS: 'Windows 10  (10.0.19044) 64bit EnterpriseS' Language: 'ru' Physical Memory: 16167 MB
BatchMode: 1, IsHumanControllingUs: 0, StartBugReporterOnCrash: 0, Is64bit: 1, IsPro: 1

COMMAND LINE ARGUMENTS:
C:\Program Files\Unity\Hub\Editor\2022.3.12f1\Editor\Unity.exe
-adb2
-batchMode
-noUpm
-name
AssetImportWorker2
-projectPath
C:/WORK/Programming/Unity/UnityGame/My project
-logFile
Logs/AssetImportWorker2.log
-srvPort
59861
Successfully changed project path to: C:/WORK/Programming/Unity/UnityGame/My project
C:/WORK/Programming/Unity/UnityGame/My project
[UnityMemory] Configuration Parameters - Can be set up in boot.config
    "memorysetup-bucket-allocator-granularity=16"
    "memorysetup-bucket-allocator-bucket-count=8"
    "memorysetup-bucket-allocator-block-size=33554432"
    "memorysetup-bucket-allocator-block-count=8"
    "memorysetup-main-allocator-block-size=16777216"
    "memorysetup-thread-allocator-block-size=16777216"
    "memorysetup-gfx-main-allocator-block-size=16777216"
    "memorysetup-gfx-thread-allocator-block-size=16777216"
    "memorysetup-cache-allocator-block-size=4194304"
    "memorysetup-typetree-allocator-block-size=2097152"
    "memorysetup-profiler-bucket-allocator-granularity=16"
    "memorysetup-profiler-bucket-allocator-bucket-count=8"
    "memorysetup-profiler-bucket-allocator-block-size=33554432"
    "memorysetup-profiler-bucket-allocator-block-count=8"
    "memorysetup-profiler-allocator-block-size=16777216"
    "memorysetup-profiler-editor-allocator-block-size=1048576"
    "memorysetup-temp-allocator-size-main=16777216"
    "memorysetup-job-temp-allocator-block-size=2097152"
    "memorysetup-job-temp-allocator-block-size-background=1048576"
    "memorysetup-job-temp-allocator-reduction-small-platforms=262144"
    "memorysetup-allocator-temp-initial-block-size-main=262144"
    "memorysetup-allocator-temp-initial-block-size-worker=262144"
    "memorysetup-temp-allocator-size-background-worker=32768"
    "memorysetup-temp-allocator-size-job-worker=262144"
    "memorysetup-temp-allocator-size-preload-manager=33554432"
    "memorysetup-temp-allocator-size-nav-mesh-worker=65536"
    "memorysetup-temp-allocator-size-audio-worker=65536"
    "memorysetup-temp-allocator-size-cloud-worker=32768"
    "memorysetup-temp-allocator-size-gi-baking-worker=262144"
    "memorysetup-temp-allocator-size-gfx=262144"
Player connection [4624] Host "[IP] 192.168.0.100 [Port] 0 [Flags] 2 [Guid] 2532218884 [EditorId] 2532218884 [Version] 1048832 [Id] WindowsEditor(7,KOMPUTER) [Debug] 1 [PackageName] WindowsEditor [ProjectName] Editor" joined multi-casting on [225.0.0.222:54997]...

Player connection [4624] Host "[IP] 192.168.0.100 [Port] 0 [Flags] 2 [Guid] 2532218884 [EditorId] 2532218884 [Version] 1048832 [Id] WindowsEditor(7,KOMPUTER) [Debug] 1 [PackageName] WindowsEditor [ProjectName] Editor" joined alternative multi-casting on [225.0.0.222:34997]...

[Physics::Module] Initialized MultithreadedJobDispatcher with 7 workers.
Refreshing native plugins compatible for Editor in 27.99 ms, found 4 plugins.
Preloading 0 native plugins for Editor in 0.00 ms.
Initialize engine version: 2022.3.12f1 (4fe6e059c7ef)
[Subsystems] Discovering subsystems at path C:/Program Files/Unity/Hub/Editor/2022.3.12f1/Editor/Data/Resources/UnitySubsystems
[Subsystems] Discovering subsystems at path C:/WORK/Programming/Unity/UnityGame/My project/Assets
GfxDevice: creating device client; threaded=0; jobified=0
Direct3D:
    Version:  Direct3D 11.0 [level 11.1]
    Renderer: Intel(R) Iris(R) Xe Graphics (ID=0x9a49)
    Vendor:   Intel
    VRAM:     8083 MB
    Driver:   27.20.100.8935
Initialize mono
Mono path[0] = 'C:/Program Files/Unity/Hub/Editor/2022.3.12f1/Editor/Data/Managed'
Mono path[1] = 'C:/Program Files/Unity/Hub/Editor/2022.3.12f1/Editor/Data/MonoBleedingEdge/lib/mono/unityjit-win32'
Mono config path = 'C:/Program Files/Unity/Hub/Editor/2022.3.12f1/Editor/Data/MonoBleedingEdge/etc'
Using monoOptions --debugger-agent=transport=dt_socket,embedding=1,server=y,suspend=n,address=127.0.0.1:56104
Begin MonoManager ReloadAssembly
Registering precompiled unity dll's ...
Register platform support module: C:/Program Files/Unity/Hub/Editor/2022.3.12f1/Editor/Data/PlaybackEngines/WebGLSupport/UnityEditor.WebGL.Extensions.dll
Register platform support module: C:/Program Files/Unity/Hub/Editor/2022.3.12f1/Editor/Data/PlaybackEngines/WindowsStandaloneSupport/UnityEditor.WindowsStandalone.Extensions.dll
Registered in 0.016173 seconds.
- Loaded All Assemblies, in  0.734 seconds
Native extension for WindowsStandalone target not found
Native extension for WebGL target not found
Mono: successfully reloaded assembly
- Finished resetting the current domain, in  0.557 seconds
Domain Reload Profiling: 1288ms
	BeginReloadAssembly (214ms)
		ExecutionOrderSort (0ms)
		DisableScriptedObjects (0ms)
		BackupInstance (0ms)
		ReleaseScriptingObjects (0ms)
		CreateAndSetChildDomain (1ms)
	RebuildCommonClasses (77ms)
	RebuildNativeTypeToScriptingClass (24ms)
	initialDomainReloadingComplete (119ms)
	LoadAllAssembliesAndSetupDomain (296ms)
		LoadAssemblies (211ms)
		RebuildTransferFunctionScriptingTraits (0ms)
		AnalyzeDomain (292ms)
			TypeCache.Refresh (289ms)
				TypeCache.ScanAssembly (261ms)
			ScanForSourceGeneratedMonoScriptInfo (1ms)
			ResolveRequiredComponents (1ms)
	FinalizeReload (558ms)
		ReleaseScriptCaches (0ms)
		RebuildScriptCaches (0ms)
		SetupLoadedEditorAssemblies (428ms)
			LogAssemblyErrors (0ms)
			InitializePlatformSupportModulesInManaged (23ms)
			SetLoadedEditorAssemblies (12ms)
			RefreshPlugins (0ms)
			BeforeProcessingInitializeOnLoad (6ms)
			ProcessInitializeOnLoadAttributes (290ms)
			ProcessInitializeOnLoadMethodAttributes (98ms)
			AfterProcessingInitializeOnLoad (0ms)
			EditorAssembliesLoaded (0ms)
		ExecutionOrderSort2 (0ms)
		AwakeInstancesAfterBackupRestoration (0ms)
========================================================================
Worker process is ready to serve import requests
Begin MonoManager ReloadAssembly
- Loaded All Assemblies, in  1.246 seconds
Refreshing native plugins compatible for Editor in 7.18 ms, found 4 plugins.
Native extension for WindowsStandalone target not found
Native extension for WebGL target not found
Package Manager log level set to [2]
[Package Manager] Server::EnsureServerProcessIsRunning -- launch failed, reason: Unity was launched with the -noUpm command-line argument
[Package Manager] UpmClient::Send -- Unable to send message (not connected to UPM process).
[Package Manager] Cannot connect to Unity Package Manager local server
Mono: successfully reloaded assembly
- Finished resetting the current domain, in  1.211 seconds
Domain Reload Profiling: 2452ms
	BeginReloadAssembly (286ms)
		ExecutionOrderSort (0ms)
		DisableScriptedObjects (11ms)
		BackupInstance (0ms)
		ReleaseScriptingObjects (0ms)
		CreateAndSetChildDomain (41ms)
	RebuildCommonClasses (69ms)
	RebuildNativeTypeToScriptingClass (24ms)
	initialDomainReloadingComplete (85ms)
	LoadAllAssembliesAndSetupDomain (775ms)
		LoadAssemblies (581ms)
		RebuildTransferFunctionScriptingTraits (0ms)
		AnalyzeDomain (356ms)
			TypeCache.Refresh (299ms)
				TypeCache.ScanAssembly (269ms)
			ScanForSourceGeneratedMonoScriptInfo (44ms)
			ResolveRequiredComponents (11ms)
	FinalizeReload (1212ms)
		ReleaseScriptCaches (0ms)
		RebuildScriptCaches (0ms)
		SetupLoadedEditorAssemblies (897ms)
			LogAssemblyErrors (0ms)
			InitializePlatformSupportModulesInManaged (16ms)
			SetLoadedEditorAssemblies (7ms)
			RefreshPlugins (0ms)
			BeforeProcessingInitializeOnLoad (149ms)
			ProcessInitializeOnLoadAttributes (640ms)
			ProcessInitializeOnLoadMethodAttributes (73ms)
			AfterProcessingInitializeOnLoad (12ms)
			EditorAssembliesLoaded (0ms)
		ExecutionOrderSort2 (0ms)
		AwakeInstancesAfterBackupRestoration (12ms)
Launched and connected shader compiler UnityShaderCompiler.exe after 0.07 seconds
Refreshing native plugins compatible for Editor in 2.57 ms, found 4 plugins.
Preloading 0 native plugins for Editor in 0.00 ms.
Unloading 4076 Unused Serialized files (Serialized files now loaded: 0)
Unloading 64 unused Assets / (61.4 KB). Loaded Objects now: 4538.
Memory consumption went from 147.6 MB to 147.5 MB.
Total: 3.399300 ms (FindLiveObjects: 0.261700 ms CreateObjectMapping: 0.124300 ms MarkObjects: 2.873000 ms  DeleteObjects: 0.139100 ms)

AssetImportParameters requested are different than current active one (requested -> active):
  custom:container-demuxer-ogg: 62fdf1f143b41e24485cea50d1cbac27 -> 
  custom:video-decoder-ogg-theora: a1e56fd34408186e4bbccfd4996cb3dc -> 
  custom:framework-win-MediaFoundation: 216162199b28c13a410421893ffa2e32 -> 
  custom:CustomObjectIndexerAttribute: 756ad292c208cfabdd7b50bc23989ffe -> 
  custom:container-demuxer-webm: 4f35f7cbe854078d1ac9338744f61a02 -> 
  custom:container-muxer-webm: aa71ff27fc2769a1b78a27578f13a17b -> 
  custom:video-decoder-webm-vp8: 9c59270c3fd7afecdb556c50c9e8de78 -> 
  custom:SearchIndexIgnoredProperties: e643bd26f0fe6173181afceb89e7c659 -> 
  custom:AudioImporter_EditorPlatform: d09bf68614088b80899f8185d706f6e7 -> 
  custom:video-encoder-webm-vp8: eb34c28f22e8b96e1ab97ce403110664 -> 
  custom:audio-decoder-ogg-vorbis: bf7c407c2cedff20999df2af8eb42d56 -> 
  custom:audio-encoder-webm-vorbis: bf7c407c2cedff20999df2af8eb42d56 -> 
========================================================================
Received Import Request.
  Time since last request: 814743.933920 seconds.
  path: Assets/Animation/Player.anim
  artifactKey: Guid(53f0f740f9b45fe48817548e0b91abce) Importer(815301076,1909f56bfc062723c751e8b465ee728b)
Start importing Assets/Animation/Player.anim using Guid(53f0f740f9b45fe48817548e0b91abce) Importer(815301076,1909f56bfc062723c751e8b465ee728b)  -> (artifact id: 'aac79016c8c87d640305a4c71fa2dd5b') in 0.018873 seconds
Number of updated asset objects reloaded before import = 0
Number of asset objects unloaded after import = 1
========================================================================
Received Import Request.
  Time since last request: 9.249698 seconds.
  path: Assets/Animation/Player.controller
  artifactKey: Guid(80ba1bb5703cea3498cf8ce0f2276e7b) Importer(815301076,1909f56bfc062723c751e8b465ee728b)
Start importing Assets/Animation/Player.controller using Guid(80ba1bb5703cea3498cf8ce0f2276e7b) Importer(815301076,1909f56bfc062723c751e8b465ee728b)  -> (artifact id: '5300cc758cd64b22f337ce775aff6662') in 0.004164 seconds
Number of updated asset objects reloaded before import = 0
Number of asset objects unloaded after import = 1
========================================================================
Received Import Request.
  Time since last request: 27.116622 seconds.
  path: Assets/Animation/New Animation.anim
  artifactKey: Guid(4a1c49bea4dcb884da8ae92b5bd6e8e6) Importer(815301076,1909f56bfc062723c751e8b465ee728b)
Start importing Assets/Animation/New Animation.anim using Guid(4a1c49bea4dcb884da8ae92b5bd6e8e6) Importer(815301076,1909f56bfc062723c751e8b465ee728b)  -> (artifact id: '01cb93900b0652fd9602bba4d31b7289') in 0.001544 seconds
Number of updated asset objects reloaded before import = 0
Number of asset objects unloaded after import = 1
========================================================================
Received Import Request.
  Time since last request: 171.053420 seconds.
  path: Assets/Animation/Top.anim
  artifactKey: Guid(f60c91af7103fac4a932970a2610e141) Importer(815301076,1909f56bfc062723c751e8b465ee728b)
Start importing Assets/Animation/Top.anim using Guid(f60c91af7103fac4a932970a2610e141) Importer(815301076,1909f56bfc062723c751e8b465ee728b)  -> (artifact id: '05b62bd6a86a10e5a8e0b63737455eb8') in 0.001378 seconds
Number of updated asset objects reloaded before import = 0
Number of asset objects unloaded after import = 1
========================================================================
Received Import Request.
  Time since last request: 932.488729 seconds.
  path: Assets/Animation/Top_animtion0_43.png
  artifactKey: Guid(672734837c18f674686ad7765ebb2b7c) Importer(815301076,1909f56bfc062723c751e8b465ee728b)
Start importing Assets/Animation/Top_animtion0_43.png using Guid(672734837c18f674686ad7765ebb2b7c) Importer(815301076,1909f56bfc062723c751e8b465ee728b)  -> (artifact id: 'f6980400424920b8e3f63962a51c1946') in 0.203103 seconds
Number of updated asset objects reloaded before import = 0
Number of asset objects unloaded after import = 3
========================================================================
Received Import Request.
  Time since last request: 0.000105 seconds.
  path: Assets/Animation/Top_animtion0_49.png
  artifactKey: Guid(f658ad4c2d681e442b6b50b1d5f877f5) Importer(815301076,1909f56bfc062723c751e8b465ee728b)
Start importing Assets/Animation/Top_animtion0_49.png using Guid(f658ad4c2d681e442b6b50b1d5f877f5) Importer(815301076,1909f56bfc062723c751e8b465ee728b)  -> (artifact id: '57e2d8f3aacd83df8f77fd8efa676136') in 0.035118 seconds
Number of updated asset objects reloaded before import = 0
Number of asset objects unloaded after import = 3
========================================================================
Received Import Request.
  Time since last request: 2.835956 seconds.
  path: Assets/Animation/Top_animtion0_36.png
  artifactKey: Guid(8a249ab534015c944b120405337c160c) Importer(815301076,1909f56bfc062723c751e8b465ee728b)
Start importing Assets/Animation/Top_animtion0_36.png using Guid(8a249ab534015c944b120405337c160c) Importer(815301076,1909f56bfc062723c751e8b465ee728b)  -> (artifact id: '6e85dc2fe731d2a54fe595a3ad2832ee') in 0.034036 seconds
Number of updated asset objects reloaded before import = 0
Number of asset objects unloaded after import = 3
========================================================================
Received Import Request.
  Time since last request: 0.000085 seconds.
  path: Assets/Animation/Top_animtion0_31.png
  artifactKey: Guid(5211c063cf2948c4c98aa408377048e5) Importer(815301076,1909f56bfc062723c751e8b465ee728b)
Start importing Assets/Animation/Top_animtion0_31.png using Guid(5211c063cf2948c4c98aa408377048e5) Importer(815301076,1909f56bfc062723c751e8b465ee728b)  -> (artifact id: 'cab09038e0d6c82e44bc1000740f8256') in 0.031092 seconds
Number of updated asset objects reloaded before import = 0
Number of asset objects unloaded after import = 3
========================================================================
Received Import Request.
  Time since last request: 0.000064 seconds.
  path: Assets/Animation/Top_animtion0_41.png
  artifactKey: Guid(5b21429cff5648846b4eca546bf284f9) Importer(815301076,1909f56bfc062723c751e8b465ee728b)
Start importing Assets/Animation/Top_animtion0_41.png using Guid(5b21429cff5648846b4eca546bf284f9) Importer(815301076,1909f56bfc062723c751e8b465ee728b)  -> (artifact id: 'cc40ffd68e3df2c5bf730b1ae1d4a356') in 0.030206 seconds
Number of updated asset objects reloaded before import = 0
Number of asset objects unloaded after import = 3
========================================================================
Received Import Request.
  Time since last request: 0.000024 seconds.
  path: Assets/Animation/Top_animtion0_33.png
  artifactKey: Guid(c89e9f1ae66e44142a9f7fd0ae75c8f2) Importer(815301076,1909f56bfc062723c751e8b465ee728b)
Start importing Assets/Animation/Top_animtion0_33.png using Guid(c89e9f1ae66e44142a9f7fd0ae75c8f2) Importer(815301076,1909f56bfc062723c751e8b465ee728b)  -> (artifact id: '0ee164aa718c3e227065b4a83608078b') in 0.031478 seconds
Number of updated asset objects reloaded before import = 0
Number of asset objects unloaded after import = 3
========================================================================
Received Import Request.
  Time since last request: 0.000024 seconds.
  path: Assets/Animation/Top_animtion0_32.png
  artifactKey: Guid(f0c9134b262ef6d4eaa79b24b50f6198) Importer(815301076,1909f56bfc062723c751e8b465ee728b)
Start importing Assets/Animation/Top_animtion0_32.png using Guid(f0c9134b262ef6d4eaa79b24b50f6198) Importer(815301076,1909f56bfc062723c751e8b465ee728b)  -> (artifact id: '5ee65fa0221f1c9d4d6b7b459c79431c') in 0.033445 seconds
Number of updated asset objects reloaded before import = 0
Number of asset objects unloaded after import = 3
========================================================================
Received Import Request.
  Time since last request: 0.000025 seconds.
  path: Assets/Animation/Top_animtion0_40.png
  artifactKey: Guid(add14d9166c9dd245bd66dd00b223b42) Importer(815301076,1909f56bfc062723c751e8b465ee728b)
Start importing Assets/Animation/Top_animtion0_40.png using Guid(add14d9166c9dd245bd66dd00b223b42) Importer(815301076,1909f56bfc062723c751e8b465ee728b)  -> (artifact id: '50dc508fa4cfde2a1c3e53741023acd4') in 0.035000 seconds
Number of updated asset objects reloaded before import = 0
Number of asset objects unloaded after import = 3
========================================================================
Received Import Request.
  Time since last request: 0.190895 seconds.
  path: Assets/Animation/Top_animtion0_9.png
  artifactKey: Guid(cc69253a11ba09e49aab58b09ee3a006) Importer(815301076,1909f56bfc062723c751e8b465ee728b)
Start importing Assets/Animation/Top_animtion0_9.png using Guid(cc69253a11ba09e49aab58b09ee3a006) Importer(815301076,1909f56bfc062723c751e8b465ee728b)  -> (artifact id: '5300849cb874e3b75b9a3dc0d46242c1') in 0.044189 seconds
Number of updated asset objects reloaded before import = 0
Number of asset objects unloaded after import = 3
========================================================================
Received Import Request.
  Time since last request: 0.509792 seconds.
  path: Assets/Animation/Top_animtion0_5.png
  artifactKey: Guid(1e31b05f59ba45643bf6bad832f5035f) Importer(815301076,1909f56bfc062723c751e8b465ee728b)
Start importing Assets/Animation/Top_animtion0_5.png using Guid(1e31b05f59ba45643bf6bad832f5035f) Importer(815301076,1909f56bfc062723c751e8b465ee728b)  -> (artifact id: '90686d08739ac42ae7b89dfbd549813c') in 0.059089 seconds
Number of updated asset objects reloaded before import = 0
Number of asset objects unloaded after import = 3
========================================================================
Received Import Request.
  Time since last request: 0.000048 seconds.
  path: Assets/Animation/Top_animtion0_8.png
  artifactKey: Guid(77dbd14199cf58e4db24147934d93a3e) Importer(815301076,1909f56bfc062723c751e8b465ee728b)
Start importing Assets/Animation/Top_animtion0_8.png using Guid(77dbd14199cf58e4db24147934d93a3e) Importer(815301076,1909f56bfc062723c751e8b465ee728b)  -> (artifact id: 'ca36a570901df09bd0b694ec84955407') in 0.036818 seconds
Number of updated asset objects reloaded before import = 0
Number of asset objects unloaded after import = 3
========================================================================
Received Import Request.
  Time since last request: 9.958593 seconds.
  path: Assets/Animation/Top_animtion0_2.png
  artifactKey: Guid(d3976d3d2fcb1b74fa086abe23c17901) Importer(815301076,1909f56bfc062723c751e8b465ee728b)
Start importing Assets/Animation/Top_animtion0_2.png using Guid(d3976d3d2fcb1b74fa086abe23c17901) Importer(815301076,1909f56bfc062723c751e8b465ee728b)  -> (artifact id: '79420cd7d4a5a47bb040004933ffd8f8') in 0.033739 seconds
Number of updated asset objects reloaded before import = 0
Number of asset objects unloaded after import = 3
========================================================================
Received Import Request.
  Time since last request: 0.221702 seconds.
  path: Assets/Animation/Top_animtion0_0.png
  artifactKey: Guid(7057354a6d6028445b6e7867dd754874) Importer(815301076,1909f56bfc062723c751e8b465ee728b)
Start importing Assets/Animation/Top_animtion0_0.png using Guid(7057354a6d6028445b6e7867dd754874) Importer(815301076,1909f56bfc062723c751e8b465ee728b)  -> (artifact id: 'a46dd45559276def34ff759ab926da11') in 0.032502 seconds
Number of updated asset objects reloaded before import = 0
Number of asset objects unloaded after import = 3
========================================================================
Received Import Request.
  Time since last request: 51.175359 seconds.
  path: Assets/Animation/down
  artifactKey: Guid(e77c36f1d538dfa41b18909dd0a45010) Importer(815301076,1909f56bfc062723c751e8b465ee728b)
Start importing Assets/Animation/down using Guid(e77c36f1d538dfa41b18909dd0a45010) Importer(815301076,1909f56bfc062723c751e8b465ee728b)  -> (artifact id: '72d3137dbcfa57d109c8d9f110550f40') in 0.000909 seconds
Number of updated asset objects reloaded before import = 0
Number of asset objects unloaded after import = 0
========================================================================
Received Import Request.
  Time since last request: 16.172822 seconds.
  path: Assets/Animation/down/Top_animtion0_21.png
  artifactKey: Guid(0b6adb71d71c6e147826aa4573c8013a) Importer(815301076,1909f56bfc062723c751e8b465ee728b)
Start importing Assets/Animation/down/Top_animtion0_21.png using Guid(0b6adb71d71c6e147826aa4573c8013a) Importer(815301076,1909f56bfc062723c751e8b465ee728b)  -> (artifact id: '6d1affaf63294128d3e895143c336bd8') in 0.033265 seconds
Number of updated asset objects reloaded before import = 0
Number of asset objects unloaded after import = 3
========================================================================
Received Import Request.
  Time since last request: 0.000033 seconds.
  path: Assets/Animation/down/Top_animtion0_24.png
  artifactKey: Guid(c7faf748732fec646b672d3d2a16e4d0) Importer(815301076,1909f56bfc062723c751e8b465ee728b)
Start importing Assets/Animation/down/Top_animtion0_24.png using Guid(c7faf748732fec646b672d3d2a16e4d0) Importer(815301076,1909f56bfc062723c751e8b465ee728b)  -> (artifact id: 'b47d25dc3c4f028fc02847030b8f4737') in 0.033326 seconds
Number of updated asset objects reloaded before import = 0
Number of asset objects unloaded after import = 3
========================================================================
Received Import Request.
  Time since last request: 0.000017 seconds.
  path: Assets/Animation/down/Top_animtion0_29.png
  artifactKey: Guid(2bc8c5561b4b46245a6dec4ffed94c12) Importer(815301076,1909f56bfc062723c751e8b465ee728b)
Start importing Assets/Animation/down/Top_animtion0_29.png using Guid(2bc8c5561b4b46245a6dec4ffed94c12) Importer(815301076,1909f56bfc062723c751e8b465ee728b)  -> (artifact id: '9fa7030f234a6959dc7da45d12da29a6') in 0.029076 seconds
Number of updated asset objects reloaded before import = 0
Number of asset objects unloaded after import = 3
========================================================================
Received Import Request.
  Time since last request: 0.000056 seconds.
  path: Assets/Animation/down/Top_animtion0_28.png
  artifactKey: Guid(02e5e0fbfc4fe12458da8030d1970927) Importer(815301076,1909f56bfc062723c751e8b465ee728b)
Start importing Assets/Animation/down/Top_animtion0_28.png using Guid(02e5e0fbfc4fe12458da8030d1970927) Importer(815301076,1909f56bfc062723c751e8b465ee728b)  -> (artifact id: '7159d982ef9081b0180ff790c7e641b1') in 0.031256 seconds
Number of updated asset objects reloaded before import = 0
Number of asset objects unloaded after import = 3
========================================================================
Received Import Request.
  Time since last request: 0.000059 seconds.
  path: Assets/Animation/down/Top_animtion0_25.png
  artifactKey: Guid(1d6a4e500a9aa9f4ab721c630bd0c096) Importer(815301076,1909f56bfc062723c751e8b465ee728b)
Start importing Assets/Animation/down/Top_animtion0_25.png using Guid(1d6a4e500a9aa9f4ab721c630bd0c096) Importer(815301076,1909f56bfc062723c751e8b465ee728b)  -> (artifact id: 'c1f0894b41c93da53476b2786ccbde7f') in 0.036547 seconds
Number of updated asset objects reloaded before import = 0
Number of asset objects unloaded after import = 3
========================================================================
Received Import Request.
  Time since last request: 0.527984 seconds.
  path: Assets/Animation/down/Top_animtion0_14.png
  artifactKey: Guid(d2011b47809eecc42ab0a0dbdea6d0aa) Importer(815301076,1909f56bfc062723c751e8b465ee728b)
Start importing Assets/Animation/down/Top_animtion0_14.png using Guid(d2011b47809eecc42ab0a0dbdea6d0aa) Importer(815301076,1909f56bfc062723c751e8b465ee728b)  -> (artifact id: '6fc79502e7291815f222d789901841b8') in 0.040289 seconds
Number of updated asset objects reloaded before import = 0
Number of asset objects unloaded after import = 3
========================================================================
Received Import Request.
  Time since last request: 0.000024 seconds.
  path: Assets/Animation/down/Top_animtion0_20.png
  artifactKey: Guid(309d8f42d5d36c14d969de2de629453d) Importer(815301076,1909f56bfc062723c751e8b465ee728b)
Start importing Assets/Animation/down/Top_animtion0_20.png using Guid(309d8f42d5d36c14d969de2de629453d) Importer(815301076,1909f56bfc062723c751e8b465ee728b)  -> (artifact id: '255376c54004ea6ca6f86005ad61624c') in 0.034251 seconds
Number of updated asset objects reloaded before import = 0
Number of asset objects unloaded after import = 3
========================================================================
Received Import Request.
  Time since last request: 0.000066 seconds.
  path: Assets/Animation/down/Top_animtion0_18.png
  artifactKey: Guid(84ccb1b1630a63b42bdf003e6c86837a) Importer(815301076,1909f56bfc062723c751e8b465ee728b)
Start importing Assets/Animation/down/Top_animtion0_18.png using Guid(84ccb1b1630a63b42bdf003e6c86837a) Importer(815301076,1909f56bfc062723c751e8b465ee728b)  -> (artifact id: '25137ccb241adda9ec90655a4c0cea03') in 0.029816 seconds
Number of updated asset objects reloaded before import = 0
Number of asset objects unloaded after import = 3
========================================================================
Received Import Request.
  Time since last request: 0.000027 seconds.
  path: Assets/Animation/down/Top_animtion0_17.png
  artifactKey: Guid(c8354ae278aa37048a9f81428699f8cf) Importer(815301076,1909f56bfc062723c751e8b465ee728b)
Start importing Assets/Animation/down/Top_animtion0_17.png using Guid(c8354ae278aa37048a9f81428699f8cf) Importer(815301076,1909f56bfc062723c751e8b465ee728b)  -> (artifact id: 'ae1ef71372866bfe516fa77e2830624f') in 0.034635 seconds
Number of updated asset objects reloaded before import = 0
Number of asset objects unloaded after import = 3
========================================================================
Received Import Request.
  Time since last request: 0.188523 seconds.
  path: Assets/Animation/down/Top_animtion0_07.png
  artifactKey: Guid(595300d41587521489d38dd2d53e51a5) Importer(815301076,1909f56bfc062723c751e8b465ee728b)
Start importing Assets/Animation/down/Top_animtion0_07.png using Guid(595300d41587521489d38dd2d53e51a5) Importer(815301076,1909f56bfc062723c751e8b465ee728b)  -> (artifact id: '9f7be994e99e7b80c806849a8687d500') in 0.032687 seconds
Number of updated asset objects reloaded before import = 0
Number of asset objects unloaded after import = 3
========================================================================
Received Import Request.
  Time since last request: 0.000031 seconds.
  path: Assets/Animation/down/Top_animtion0_12.png
  artifactKey: Guid(3401e38d1f04af046a34514c7ee49360) Importer(815301076,1909f56bfc062723c751e8b465ee728b)
Start importing Assets/Animation/down/Top_animtion0_12.png using Guid(3401e38d1f04af046a34514c7ee49360) Importer(815301076,1909f56bfc062723c751e8b465ee728b)  -> (artifact id: '4edef7b50ef91412bcc11c4a0e06ab9b') in 0.030411 seconds
Number of updated asset objects reloaded before import = 0
Number of asset objects unloaded after import = 3
========================================================================
Received Import Request.
  Time since last request: 0.000048 seconds.
  path: Assets/Animation/down/Top_animtion0_02.png
  artifactKey: Guid(9f63f50ccb36bb54bbd63f9b750df395) Importer(815301076,1909f56bfc062723c751e8b465ee728b)
Start importing Assets/Animation/down/Top_animtion0_02.png using Guid(9f63f50ccb36bb54bbd63f9b750df395) Importer(815301076,1909f56bfc062723c751e8b465ee728b)  -> (artifact id: '71c269e98f7c7a3c6f4fef5721e3b38d') in 0.035135 seconds
Number of updated asset objects reloaded before import = 0
Number of asset objects unloaded after import = 3
========================================================================
Received Import Request.
  Time since last request: 0.000016 seconds.
  path: Assets/Animation/down/Top_animtion0_09.png
  artifactKey: Guid(94260da3048788244b16d4d5abcb8c60) Importer(815301076,1909f56bfc062723c751e8b465ee728b)
Start importing Assets/Animation/down/Top_animtion0_09.png using Guid(94260da3048788244b16d4d5abcb8c60) Importer(815301076,1909f56bfc062723c751e8b465ee728b)  -> (artifact id: '1ce05e0ff6646a653b0304cfacc01ca3') in 0.037206 seconds
Number of updated asset objects reloaded before import = 0
Number of asset objects unloaded after import = 3
========================================================================
Received Import Request.
  Time since last request: 0.000027 seconds.
  path: Assets/Animation/down/Top_animtion0_03.png
  artifactKey: Guid(90f98a90a13615d4ca0d37043ae95438) Importer(815301076,1909f56bfc062723c751e8b465ee728b)
Start importing Assets/Animation/down/Top_animtion0_03.png using Guid(90f98a90a13615d4ca0d37043ae95438) Importer(815301076,1909f56bfc062723c751e8b465ee728b)  -> (artifact id: '20502d81c29f0fb41ee66e3c028402ee') in 0.030316 seconds
Number of updated asset objects reloaded before import = 0
Number of asset objects unloaded after import = 3
========================================================================
Received Import Request.
  Time since last request: 0.000039 seconds.
  path: Assets/Animation/down/Top_animtion0_05.png
  artifactKey: Guid(3fae3ced504ee3e4795ad8e54aa947b7) Importer(815301076,1909f56bfc062723c751e8b465ee728b)
Start importing Assets/Animation/down/Top_animtion0_05.png using Guid(3fae3ced504ee3e4795ad8e54aa947b7) Importer(815301076,1909f56bfc062723c751e8b465ee728b)  -> (artifact id: 'd0b6c874f1597a6e1c94a1f231b62085') in 0.036526 seconds
Number of updated asset objects reloaded before import = 0
Number of asset objects unloaded after import = 3
========================================================================
Received Import Request.
  Time since last request: 0.000038 seconds.
  path: Assets/Animation/down/Top_animtion0_00.png
  artifactKey: Guid(e01a2d3a883fa19459fd7b4eb08398bd) Importer(815301076,1909f56bfc062723c751e8b465ee728b)
Start importing Assets/Animation/down/Top_animtion0_00.png using Guid(e01a2d3a883fa19459fd7b4eb08398bd) Importer(815301076,1909f56bfc062723c751e8b465ee728b)  -> (artifact id: 'bcb5ec824860d51539121498ddbe9593') in 0.029325 seconds
Number of updated asset objects reloaded before import = 0
Number of asset objects unloaded after import = 3
========================================================================
Received Import Request.
  Time since last request: 585.361809 seconds.
  path: Assets/Animation/top/Top_animtion0_22.png
  artifactKey: Guid(e97660e8476e3ae46b4efe050606f0ee) Importer(815301076,1909f56bfc062723c751e8b465ee728b)
Start importing Assets/Animation/top/Top_animtion0_22.png using Guid(e97660e8476e3ae46b4efe050606f0ee) Importer(815301076,1909f56bfc062723c751e8b465ee728b)  -> (artifact id: 'fa19381c8d272a82a100a0c2fcfff4d5') in 0.036321 seconds
Number of updated asset objects reloaded before import = 0
Number of asset objects unloaded after import = 3
========================================================================
Received Import Request.
  Time since last request: 0.000062 seconds.
  path: Assets/Animation/top/Top_animtion0_27.png
  artifactKey: Guid(505e59f42c33c7a488fc325baf93e2b8) Importer(815301076,1909f56bfc062723c751e8b465ee728b)
Start importing Assets/Animation/top/Top_animtion0_27.png using Guid(505e59f42c33c7a488fc325baf93e2b8) Importer(815301076,1909f56bfc062723c751e8b465ee728b)  -> (artifact id: 'b70bde915b3ea1cce2774a31d385b8d7') in 0.030537 seconds
Number of updated asset objects reloaded before import = 0
Number of asset objects unloaded after import = 3
========================================================================
Received Import Request.
  Time since last request: 0.000020 seconds.
  path: Assets/Animation/top/Top_animtion0_24.png
  artifactKey: Guid(e221bb2239bc4754da7cd0b82ddd6193) Importer(815301076,1909f56bfc062723c751e8b465ee728b)
Start importing Assets/Animation/top/Top_animtion0_24.png using Guid(e221bb2239bc4754da7cd0b82ddd6193) Importer(815301076,1909f56bfc062723c751e8b465ee728b)  -> (artifact id: '58f77e841a85c452528c0b1032f102f9') in 0.027642 seconds
Number of updated asset objects reloaded before import = 0
Number of asset objects unloaded after import = 3
========================================================================
Received Import Request.
  Time since last request: 0.000023 seconds.
  path: Assets/Animation/top/Top_animtion0_28.png
  artifactKey: Guid(5fca5ce538425bc449137344faaf4bd7) Importer(815301076,1909f56bfc062723c751e8b465ee728b)
Start importing Assets/Animation/top/Top_animtion0_28.png using Guid(5fca5ce538425bc449137344faaf4bd7) Importer(815301076,1909f56bfc062723c751e8b465ee728b)  -> (artifact id: 'f6f0c67e82bd9dfb972a4c9200f8f271') in 0.034252 seconds
Number of updated asset objects reloaded before import = 0
Number of asset objects unloaded after import = 3
========================================================================
Received Import Request.
  Time since last request: 0.000026 seconds.
  path: Assets/Animation/top/Top_animtion0_29.png
  artifactKey: Guid(95e704b66028dbb4d94ee2b6c67f3fb4) Importer(815301076,1909f56bfc062723c751e8b465ee728b)
Start importing Assets/Animation/top/Top_animtion0_29.png using Guid(95e704b66028dbb4d94ee2b6c67f3fb4) Importer(815301076,1909f56bfc062723c751e8b465ee728b)  -> (artifact id: 'e63bf6cdaca8b3c80033de999349b93e') in 0.025446 seconds
Number of updated asset objects reloaded before import = 0
Number of asset objects unloaded after import = 3
========================================================================
Received Import Request.
  Time since last request: 0.000064 seconds.
  path: Assets/Animation/top/Top_animtion0_30.png
  artifactKey: Guid(4227530b7e87e114f9608097abfe84be) Importer(815301076,1909f56bfc062723c751e8b465ee728b)
Start importing Assets/Animation/top/Top_animtion0_30.png using Guid(4227530b7e87e114f9608097abfe84be) Importer(815301076,1909f56bfc062723c751e8b465ee728b)  -> (artifact id: '54bec1492d88460c7e39a1da0cf67eec') in 0.033473 seconds
Number of updated asset objects reloaded before import = 0
Number of asset objects unloaded after import = 3
========================================================================
Received Import Request.
  Time since last request: 0.000064 seconds.
  path: Assets/Animation/top/Top_animtion0_23.png
  artifactKey: Guid(6d3ba7345679f92469a9997060492e9b) Importer(815301076,1909f56bfc062723c751e8b465ee728b)
Start importing Assets/Animation/top/Top_animtion0_23.png using Guid(6d3ba7345679f92469a9997060492e9b) Importer(815301076,1909f56bfc062723c751e8b465ee728b)  -> (artifact id: 'bbf664da5fc6ed889561041e3841ef64') in 0.027886 seconds
Number of updated asset objects reloaded before import = 0
Number of asset objects unloaded after import = 3
========================================================================
Received Import Request.
  Time since last request: 0.000097 seconds.
  path: Assets/Animation/top/Top_animtion0_26.png
  artifactKey: Guid(6eb250079a03c5b46aaa544cfc5de31e) Importer(815301076,1909f56bfc062723c751e8b465ee728b)
Start importing Assets/Animation/top/Top_animtion0_26.png using Guid(6eb250079a03c5b46aaa544cfc5de31e) Importer(815301076,1909f56bfc062723c751e8b465ee728b)  -> (artifact id: '6f3f8a2805e93f0f46e475be53f7c12e') in 0.027537 seconds
Number of updated asset objects reloaded before import = 0
Number of asset objects unloaded after import = 3
========================================================================
Received Import Request.
  Time since last request: 0.844336 seconds.
  path: Assets/Animation/top/Top_animtion0_15.png
  artifactKey: Guid(4b6a43bf52365194db6924dda81f3e52) Importer(815301076,1909f56bfc062723c751e8b465ee728b)
Start importing Assets/Animation/top/Top_animtion0_15.png using Guid(4b6a43bf52365194db6924dda81f3e52) Importer(815301076,1909f56bfc062723c751e8b465ee728b)  -> (artifact id: 'b83b3faf07a210b6bbe78dcae2f669e0') in 0.032193 seconds
Number of updated asset objects reloaded before import = 0
Number of asset objects unloaded after import = 3
========================================================================
Received Import Request.
  Time since last request: 0.000022 seconds.
  path: Assets/Animation/top/Top_animtion0_18.png
  artifactKey: Guid(5699b8f252feaf6479d5bd7810d4e393) Importer(815301076,1909f56bfc062723c751e8b465ee728b)
Start importing Assets/Animation/top/Top_animtion0_18.png using Guid(5699b8f252feaf6479d5bd7810d4e393) Importer(815301076,1909f56bfc062723c751e8b465ee728b)  -> (artifact id: 'b5dd73e93edc81b32ebdc165ad28b8db') in 0.034897 seconds
Number of updated asset objects reloaded before import = 0
Number of asset objects unloaded after import = 3
========================================================================
Received Import Request.
  Time since last request: 0.000030 seconds.
  path: Assets/Animation/top/Top_animtion0_08.png
  artifactKey: Guid(364c10783c2fb1a4d88ee047e8a042a2) Importer(815301076,1909f56bfc062723c751e8b465ee728b)
Start importing Assets/Animation/top/Top_animtion0_08.png using Guid(364c10783c2fb1a4d88ee047e8a042a2) Importer(815301076,1909f56bfc062723c751e8b465ee728b)  -> (artifact id: 'c95107c114744594ebabd0f2d7ab4ef8') in 0.027071 seconds
Number of updated asset objects reloaded before import = 0
Number of asset objects unloaded after import = 3
========================================================================
Received Import Request.
  Time since last request: 0.000027 seconds.
  path: Assets/Animation/top/Top_animtion0_19.png
  artifactKey: Guid(e84c2d706888faa4cbd12878ba77be4a) Importer(815301076,1909f56bfc062723c751e8b465ee728b)
Start importing Assets/Animation/top/Top_animtion0_19.png using Guid(e84c2d706888faa4cbd12878ba77be4a) Importer(815301076,1909f56bfc062723c751e8b465ee728b)  -> (artifact id: 'b718afb12f3335a0c121b867df9af7a9') in 0.031910 seconds
Number of updated asset objects reloaded before import = 0
Number of asset objects unloaded after import = 3
========================================================================
Received Import Request.
  Time since last request: 0.000037 seconds.
  path: Assets/Animation/top/Top_animtion0_13.png
  artifactKey: Guid(6d3690e7c0eb60d44849045221e99a77) Importer(815301076,1909f56bfc062723c751e8b465ee728b)
Start importing Assets/Animation/top/Top_animtion0_13.png using Guid(6d3690e7c0eb60d44849045221e99a77) Importer(815301076,1909f56bfc062723c751e8b465ee728b)  -> (artifact id: 'f416714e8de21c876820cb2a2c3a1994') in 0.034793 seconds
Number of updated asset objects reloaded before import = 0
Number of asset objects unloaded after import = 3
========================================================================
Received Import Request.
  Time since last request: 0.000029 seconds.
  path: Assets/Animation/top/Top_animtion0_11.png
  artifactKey: Guid(96498ba710d655a4db4acbe162134c85) Importer(815301076,1909f56bfc062723c751e8b465ee728b)
Start importing Assets/Animation/top/Top_animtion0_11.png using Guid(96498ba710d655a4db4acbe162134c85) Importer(815301076,1909f56bfc062723c751e8b465ee728b)  -> (artifact id: '57108de2a8b938b3545e04bbf052d914') in 0.027632 seconds
Number of updated asset objects reloaded before import = 0
Number of asset objects unloaded after import = 3
========================================================================
Received Import Request.
  Time since last request: 0.000033 seconds.
  path: Assets/Animation/top/Top_animtion0_20.png
  artifactKey: Guid(f218fb028a688f74aa2aeda6c5022913) Importer(815301076,1909f56bfc062723c751e8b465ee728b)
Start importing Assets/Animation/top/Top_animtion0_20.png using Guid(f218fb028a688f74aa2aeda6c5022913) Importer(815301076,1909f56bfc062723c751e8b465ee728b)  -> (artifact id: '41a29e956f98700215a4f2eee717747a') in 0.030956 seconds
Number of updated asset objects reloaded before import = 0
Number of asset objects unloaded after import = 3
========================================================================
Received Import Request.
  Time since last request: 0.063354 seconds.
  path: Assets/Animation/top/Top_animtion0_01.png
  artifactKey: Guid(6358e3dc6cc843641ad408dfc767dc9a) Importer(815301076,1909f56bfc062723c751e8b465ee728b)
Start importing Assets/Animation/top/Top_animtion0_01.png using Guid(6358e3dc6cc843641ad408dfc767dc9a) Importer(815301076,1909f56bfc062723c751e8b465ee728b)  -> (artifact id: '8243e999f3271fddde06568117ce078f') in 0.037608 seconds
Number of updated asset objects reloaded before import = 0
Number of asset objects unloaded after import = 3
========================================================================
Received Import Request.
  Time since last request: 0.000048 seconds.
  path: Assets/Animation/top/Top_animtion0_05.png
  artifactKey: Guid(55b1300160fcad945af89ff355edf902) Importer(815301076,1909f56bfc062723c751e8b465ee728b)
Start importing Assets/Animation/top/Top_animtion0_05.png using Guid(55b1300160fcad945af89ff355edf902) Importer(815301076,1909f56bfc062723c751e8b465ee728b)  -> (artifact id: '725e1c8ba5d0d468f277f9ec216350c1') in 0.032180 seconds
Number of updated asset objects reloaded before import = 0
Number of asset objects unloaded after import = 3
========================================================================
Received Import Request.
  Time since last request: 0.000034 seconds.
  path: Assets/Animation/top/Top_animtion0_06.png
  artifactKey: Guid(9b2b57796c8e4614eb372b4c3dbebbaa) Importer(815301076,1909f56bfc062723c751e8b465ee728b)
Start importing Assets/Animation/top/Top_animtion0_06.png using Guid(9b2b57796c8e4614eb372b4c3dbebbaa) Importer(815301076,1909f56bfc062723c751e8b465ee728b)  -> (artifact id: '5342f68432579716b045a877b24fe157') in 0.034183 seconds
Number of updated asset objects reloaded before import = 0
Number of asset objects unloaded after import = 3
Editor requested this worker to shutdown with reason: Scaling down because of idle timeout
TcpMessagingSession - receive error: operation aborted. errorcode: 995, details: ќпераци€ ввода/вывода была прервана из-за завершени€ потока команд или по запросу приложени€.
AssetImportWorker is now disconnected from the server
Process exiting
Exiting without the bug reporter. Application will terminate with return code 0