Using pre-set license
Built from '2022.3/release' branch; Version is '2022.3.12f1 (4fe6e059c7ef) revision 5236448'; Using compiler version '192829333'; Build Type 'Release'
OS: 'Windows 10  (10.0.19044) 64bit EnterpriseS' Language: 'ru' Physical Memory: 16167 MB
BatchMode: 1, IsHumanControllingUs: 0, StartBugReporterOnCrash: 0, Is64bit: 1, IsPro: 1

COMMAND LINE ARGUMENTS:
C:\Program Files\Unity\Hub\Editor\2022.3.12f1\Editor\Unity.exe
-adb2
-batchMode
-noUpm
-name
AssetImportWorker4
-projectPath
C:/WORK/Programming/Unity/UnityGame/My project
-logFile
Logs/AssetImportWorker4.log
-srvPort
59861
Successfully changed project path to: C:/WORK/Programming/Unity/UnityGame/My project
C:/WORK/Programming/Unity/UnityGame/My project
[UnityMemory] Configuration Parameters - Can be set up in boot.config
    "memorysetup-bucket-allocator-granularity=16"
    "memorysetup-bucket-allocator-bucket-count=8"
    "memorysetup-bucket-allocator-block-size=33554432"
    "memorysetup-bucket-allocator-block-count=8"
    "memorysetup-main-allocator-block-size=16777216"
    "memorysetup-thread-allocator-block-size=16777216"
    "memorysetup-gfx-main-allocator-block-size=16777216"
    "memorysetup-gfx-thread-allocator-block-size=16777216"
    "memorysetup-cache-allocator-block-size=4194304"
    "memorysetup-typetree-allocator-block-size=2097152"
    "memorysetup-profiler-bucket-allocator-granularity=16"
    "memorysetup-profiler-bucket-allocator-bucket-count=8"
    "memorysetup-profiler-bucket-allocator-block-size=33554432"
    "memorysetup-profiler-bucket-allocator-block-count=8"
    "memorysetup-profiler-allocator-block-size=16777216"
    "memorysetup-profiler-editor-allocator-block-size=1048576"
    "memorysetup-temp-allocator-size-main=16777216"
    "memorysetup-job-temp-allocator-block-size=2097152"
    "memorysetup-job-temp-allocator-block-size-background=1048576"
    "memorysetup-job-temp-allocator-reduction-small-platforms=262144"
    "memorysetup-allocator-temp-initial-block-size-main=262144"
    "memorysetup-allocator-temp-initial-block-size-worker=262144"
    "memorysetup-temp-allocator-size-background-worker=32768"
    "memorysetup-temp-allocator-size-job-worker=262144"
    "memorysetup-temp-allocator-size-preload-manager=33554432"
    "memorysetup-temp-allocator-size-nav-mesh-worker=65536"
    "memorysetup-temp-allocator-size-audio-worker=65536"
    "memorysetup-temp-allocator-size-cloud-worker=32768"
    "memorysetup-temp-allocator-size-gi-baking-worker=262144"
    "memorysetup-temp-allocator-size-gfx=262144"
Player connection [11356] Host "[IP] 192.168.0.100 [Port] 0 [Flags] 2 [Guid] 107544131 [EditorId] 107544131 [Version] 1048832 [Id] WindowsEditor(7,KOMPUTER) [Debug] 1 [PackageName] WindowsEditor [ProjectName] Editor" joined multi-casting on [225.0.0.222:54997]...

Player connection [11356] Host "[IP] 192.168.0.100 [Port] 0 [Flags] 2 [Guid] 107544131 [EditorId] 107544131 [Version] 1048832 [Id] WindowsEditor(7,KOMPUTER) [Debug] 1 [PackageName] WindowsEditor [ProjectName] Editor" joined alternative multi-casting on [225.0.0.222:34997]...

[Physics::Module] Initialized MultithreadedJobDispatcher with 7 workers.
Refreshing native plugins compatible for Editor in 18.02 ms, found 4 plugins.
Preloading 0 native plugins for Editor in 0.00 ms.
Initialize engine version: 2022.3.12f1 (4fe6e059c7ef)
[Subsystems] Discovering subsystems at path C:/Program Files/Unity/Hub/Editor/2022.3.12f1/Editor/Data/Resources/UnitySubsystems
[Subsystems] Discovering subsystems at path C:/WORK/Programming/Unity/UnityGame/My project/Assets
GfxDevice: creating device client; threaded=0; jobified=0
Direct3D:
    Version:  Direct3D 11.0 [level 11.1]
    Renderer: Intel(R) Iris(R) Xe Graphics (ID=0x9a49)
    Vendor:   Intel
    VRAM:     8083 MB
    Driver:   27.20.100.8935
Initialize mono
Mono path[0] = 'C:/Program Files/Unity/Hub/Editor/2022.3.12f1/Editor/Data/Managed'
Mono path[1] = 'C:/Program Files/Unity/Hub/Editor/2022.3.12f1/Editor/Data/MonoBleedingEdge/lib/mono/unityjit-win32'
Mono config path = 'C:/Program Files/Unity/Hub/Editor/2022.3.12f1/Editor/Data/MonoBleedingEdge/etc'
Using monoOptions --debugger-agent=transport=dt_socket,embedding=1,server=y,suspend=n,address=127.0.0.1:56324
Begin MonoManager ReloadAssembly
Registering precompiled unity dll's ...
Register platform support module: C:/Program Files/Unity/Hub/Editor/2022.3.12f1/Editor/Data/PlaybackEngines/WebGLSupport/UnityEditor.WebGL.Extensions.dll
Register platform support module: C:/Program Files/Unity/Hub/Editor/2022.3.12f1/Editor/Data/PlaybackEngines/WindowsStandaloneSupport/UnityEditor.WindowsStandalone.Extensions.dll
Registered in 0.017102 seconds.
- Loaded All Assemblies, in  0.814 seconds
Native extension for WindowsStandalone target not found
Native extension for WebGL target not found
Mono: successfully reloaded assembly
- Finished resetting the current domain, in  0.534 seconds
Domain Reload Profiling: 1344ms
	BeginReloadAssembly (228ms)
		ExecutionOrderSort (0ms)
		DisableScriptedObjects (0ms)
		BackupInstance (0ms)
		ReleaseScriptingObjects (0ms)
		CreateAndSetChildDomain (3ms)
	RebuildCommonClasses (81ms)
	RebuildNativeTypeToScriptingClass (26ms)
	initialDomainReloadingComplete (160ms)
	LoadAllAssembliesAndSetupDomain (316ms)
		LoadAssemblies (223ms)
		RebuildTransferFunctionScriptingTraits (0ms)
		AnalyzeDomain (310ms)
			TypeCache.Refresh (308ms)
				TypeCache.ScanAssembly (280ms)
			ScanForSourceGeneratedMonoScriptInfo (1ms)
			ResolveRequiredComponents (1ms)
	FinalizeReload (534ms)
		ReleaseScriptCaches (0ms)
		RebuildScriptCaches (0ms)
		SetupLoadedEditorAssemblies (424ms)
			LogAssemblyErrors (0ms)
			InitializePlatformSupportModulesInManaged (25ms)
			SetLoadedEditorAssemblies (12ms)
			RefreshPlugins (0ms)
			BeforeProcessingInitializeOnLoad (5ms)
			ProcessInitializeOnLoadAttributes (281ms)
			ProcessInitializeOnLoadMethodAttributes (101ms)
			AfterProcessingInitializeOnLoad (0ms)
			EditorAssembliesLoaded (0ms)
		ExecutionOrderSort2 (0ms)
		AwakeInstancesAfterBackupRestoration (0ms)
========================================================================
Worker process is ready to serve import requests
Begin MonoManager ReloadAssembly
- Loaded All Assemblies, in  1.291 seconds
Refreshing native plugins compatible for Editor in 7.23 ms, found 4 plugins.
Native extension for WindowsStandalone target not found
Native extension for WebGL target not found
Package Manager log level set to [2]
[Package Manager] Server::EnsureServerProcessIsRunning -- launch failed, reason: Unity was launched with the -noUpm command-line argument
[Package Manager] UpmClient::Send -- Unable to send message (not connected to UPM process).
[Package Manager] Cannot connect to Unity Package Manager local server
Mono: successfully reloaded assembly
- Finished resetting the current domain, in  1.215 seconds
Domain Reload Profiling: 2502ms
	BeginReloadAssembly (288ms)
		ExecutionOrderSort (0ms)
		DisableScriptedObjects (11ms)
		BackupInstance (0ms)
		ReleaseScriptingObjects (0ms)
		CreateAndSetChildDomain (37ms)
	RebuildCommonClasses (78ms)
	RebuildNativeTypeToScriptingClass (25ms)
	initialDomainReloadingComplete (87ms)
	LoadAllAssembliesAndSetupDomain (808ms)
		LoadAssemblies (618ms)
		RebuildTransferFunctionScriptingTraits (0ms)
		AnalyzeDomain (358ms)
			TypeCache.Refresh (302ms)
				TypeCache.ScanAssembly (271ms)
			ScanForSourceGeneratedMonoScriptInfo (43ms)
			ResolveRequiredComponents (11ms)
	FinalizeReload (1216ms)
		ReleaseScriptCaches (0ms)
		RebuildScriptCaches (0ms)
		SetupLoadedEditorAssemblies (886ms)
			LogAssemblyErrors (0ms)
			InitializePlatformSupportModulesInManaged (15ms)
			SetLoadedEditorAssemblies (7ms)
			RefreshPlugins (0ms)
			BeforeProcessingInitializeOnLoad (149ms)
			ProcessInitializeOnLoadAttributes (623ms)
			ProcessInitializeOnLoadMethodAttributes (79ms)
			AfterProcessingInitializeOnLoad (12ms)
			EditorAssembliesLoaded (0ms)
		ExecutionOrderSort2 (0ms)
		AwakeInstancesAfterBackupRestoration (12ms)
Launched and connected shader compiler UnityShaderCompiler.exe after 0.07 seconds
Refreshing native plugins compatible for Editor in 2.55 ms, found 4 plugins.
Preloading 0 native plugins for Editor in 0.00 ms.
Unloading 4076 Unused Serialized files (Serialized files now loaded: 0)
Unloading 64 unused Assets / (61.5 KB). Loaded Objects now: 4538.
Memory consumption went from 147.5 MB to 147.5 MB.
Total: 3.953100 ms (FindLiveObjects: 0.286800 ms CreateObjectMapping: 0.128700 ms MarkObjects: 3.397600 ms  DeleteObjects: 0.138600 ms)

AssetImportParameters requested are different than current active one (requested -> active):
  custom:container-demuxer-ogg: 62fdf1f143b41e24485cea50d1cbac27 -> 
  custom:video-decoder-ogg-theora: a1e56fd34408186e4bbccfd4996cb3dc -> 
  custom:framework-win-MediaFoundation: 216162199b28c13a410421893ffa2e32 -> 
  custom:CustomObjectIndexerAttribute: 756ad292c208cfabdd7b50bc23989ffe -> 
  custom:container-demuxer-webm: 4f35f7cbe854078d1ac9338744f61a02 -> 
  custom:container-muxer-webm: aa71ff27fc2769a1b78a27578f13a17b -> 
  custom:video-decoder-webm-vp8: 9c59270c3fd7afecdb556c50c9e8de78 -> 
  custom:SearchIndexIgnoredProperties: e643bd26f0fe6173181afceb89e7c659 -> 
  custom:AudioImporter_EditorPlatform: d09bf68614088b80899f8185d706f6e7 -> 
  custom:video-encoder-webm-vp8: eb34c28f22e8b96e1ab97ce403110664 -> 
  custom:audio-decoder-ogg-vorbis: bf7c407c2cedff20999df2af8eb42d56 -> 
  custom:audio-encoder-webm-vorbis: bf7c407c2cedff20999df2af8eb42d56 -> 
========================================================================
Received Import Request.
  Time since last request: 816019.395524 seconds.
  path: Assets/Animation/down.anim
  artifactKey: Guid(82fa4a930f4a92d449d53ef2f1b842a3) Importer(815301076,1909f56bfc062723c751e8b465ee728b)
Start importing Assets/Animation/down.anim using Guid(82fa4a930f4a92d449d53ef2f1b842a3) Importer(815301076,1909f56bfc062723c751e8b465ee728b)  -> (artifact id: '82a028df2b0c0ede42958b1fb4c35f69') in 0.025266 seconds
Number of updated asset objects reloaded before import = 0
Number of asset objects unloaded after import = 1
========================================================================
Received Import Request.
  Time since last request: 102.331796 seconds.
  path: Assets/Animation/Walk.anim
  artifactKey: Guid(ec9a607eee4091b44bae5fe10fa2daee) Importer(815301076,1909f56bfc062723c751e8b465ee728b)
Start importing Assets/Animation/Walk.anim using Guid(ec9a607eee4091b44bae5fe10fa2daee) Importer(815301076,1909f56bfc062723c751e8b465ee728b)  -> (artifact id: '5a2a11cfbe7f09864a712ab0e6de4c0e') in 0.002408 seconds
Number of updated asset objects reloaded before import = 0
Number of asset objects unloaded after import = 1
========================================================================
Received Import Request.
  Time since last request: 336.150523 seconds.
  path: Assets/Animation/walk.anim
  artifactKey: Guid(ec9a607eee4091b44bae5fe10fa2daee) Importer(815301076,1909f56bfc062723c751e8b465ee728b)
Start importing Assets/Animation/walk.anim using Guid(ec9a607eee4091b44bae5fe10fa2daee) Importer(815301076,1909f56bfc062723c751e8b465ee728b)  -> (artifact id: '220bed0ca63ec8404a642c261662652b') in 0.002573 seconds
Number of updated asset objects reloaded before import = 0
Number of asset objects unloaded after import = 1
========================================================================
Received Import Request.
  Time since last request: 11.035790 seconds.
  path: Assets/Animation/down.anim
  artifactKey: Guid(ec9a607eee4091b44bae5fe10fa2daee) Importer(815301076,1909f56bfc062723c751e8b465ee728b)
Start importing Assets/Animation/down.anim using Guid(ec9a607eee4091b44bae5fe10fa2daee) Importer(815301076,1909f56bfc062723c751e8b465ee728b)  -> (artifact id: 'd0c2288a707e7a20a990869b265e3404') in 0.002930 seconds
Number of updated asset objects reloaded before import = 0
Number of asset objects unloaded after import = 1
========================================================================
Received Import Request.
  Time since last request: 69.355250 seconds.
  path: Assets/Animation/top
  artifactKey: Guid(a883849f01ef53f48a74f3f36ba1106c) Importer(815301076,1909f56bfc062723c751e8b465ee728b)
Start importing Assets/Animation/top using Guid(a883849f01ef53f48a74f3f36ba1106c) Importer(815301076,1909f56bfc062723c751e8b465ee728b)  -> (artifact id: 'a558994e51e2e2c860459323e24abae6') in 0.000842 seconds
Number of updated asset objects reloaded before import = 0
Number of asset objects unloaded after import = 0
========================================================================
Received Import Request.
  Time since last request: 14.018723 seconds.
  path: Assets/Animation/top/Top_animtion0_21.png
  artifactKey: Guid(c8db778eb6268b344a7c1bff322a75b5) Importer(815301076,1909f56bfc062723c751e8b465ee728b)
Start importing Assets/Animation/top/Top_animtion0_21.png using Guid(c8db778eb6268b344a7c1bff322a75b5) Importer(815301076,1909f56bfc062723c751e8b465ee728b)  -> (artifact id: 'e4c1a522007e70fe0fe52ec3cbdb39cf') in 0.206612 seconds
Number of updated asset objects reloaded before import = 0
Number of asset objects unloaded after import = 3
========================================================================
Received Import Request.
  Time since last request: 0.000103 seconds.
  path: Assets/Animation/top/Top_animtion0_25.png
  artifactKey: Guid(92efcdc230a2872489d4ad0a20fdd576) Importer(815301076,1909f56bfc062723c751e8b465ee728b)
Start importing Assets/Animation/top/Top_animtion0_25.png using Guid(92efcdc230a2872489d4ad0a20fdd576) Importer(815301076,1909f56bfc062723c751e8b465ee728b)  -> (artifact id: '8d72af104e41fad472a7239e29a181ba') in 0.030108 seconds
Number of updated asset objects reloaded before import = 0
Number of asset objects unloaded after import = 3
========================================================================
Received Import Request.
  Time since last request: 0.857680 seconds.
  path: Assets/Animation/top/Top_animtion0_14.png
  artifactKey: Guid(cfc8e4363ddcb0243b52a855e7a735dc) Importer(815301076,1909f56bfc062723c751e8b465ee728b)
Start importing Assets/Animation/top/Top_animtion0_14.png using Guid(cfc8e4363ddcb0243b52a855e7a735dc) Importer(815301076,1909f56bfc062723c751e8b465ee728b)  -> (artifact id: '507289af44cf47da073cfd2bfbcda0e1') in 0.035422 seconds
Number of updated asset objects reloaded before import = 0
Number of asset objects unloaded after import = 3
========================================================================
Received Import Request.
  Time since last request: 0.000040 seconds.
  path: Assets/Animation/top/Top_animtion0_07.png
  artifactKey: Guid(26bfb7f8252b4e04ca6e35df02143058) Importer(815301076,1909f56bfc062723c751e8b465ee728b)
Start importing Assets/Animation/top/Top_animtion0_07.png using Guid(26bfb7f8252b4e04ca6e35df02143058) Importer(815301076,1909f56bfc062723c751e8b465ee728b)  -> (artifact id: '7bd63279e4c486cbdbecf21c8c757505') in 0.034778 seconds
Number of updated asset objects reloaded before import = 0
Number of asset objects unloaded after import = 3
========================================================================
Received Import Request.
  Time since last request: 0.000019 seconds.
  path: Assets/Animation/top/Top_animtion0_12.png
  artifactKey: Guid(f43eef68c5be87b4bb69e2a1a7515db4) Importer(815301076,1909f56bfc062723c751e8b465ee728b)
Start importing Assets/Animation/top/Top_animtion0_12.png using Guid(f43eef68c5be87b4bb69e2a1a7515db4) Importer(815301076,1909f56bfc062723c751e8b465ee728b)  -> (artifact id: '806778ba95ee714dc036a7c5591cec08') in 0.028470 seconds
Number of updated asset objects reloaded before import = 0
Number of asset objects unloaded after import = 3
========================================================================
Received Import Request.
  Time since last request: 0.000020 seconds.
  path: Assets/Animation/top/Top_animtion0_16.png
  artifactKey: Guid(08786a1b627d0cf42942afda694264f6) Importer(815301076,1909f56bfc062723c751e8b465ee728b)
Start importing Assets/Animation/top/Top_animtion0_16.png using Guid(08786a1b627d0cf42942afda694264f6) Importer(815301076,1909f56bfc062723c751e8b465ee728b)  -> (artifact id: '87f97d5a7c88cb01a77380ec861f430a') in 0.035409 seconds
Number of updated asset objects reloaded before import = 0
Number of asset objects unloaded after import = 3
========================================================================
Received Import Request.
  Time since last request: 0.000031 seconds.
  path: Assets/Animation/top/Top_animtion0_10.png
  artifactKey: Guid(b00e1d82d996a824996ad1949419348b) Importer(815301076,1909f56bfc062723c751e8b465ee728b)
Start importing Assets/Animation/top/Top_animtion0_10.png using Guid(b00e1d82d996a824996ad1949419348b) Importer(815301076,1909f56bfc062723c751e8b465ee728b)  -> (artifact id: 'd013523ee2708b7bd9a801fdfb94bea5') in 0.030426 seconds
Number of updated asset objects reloaded before import = 0
Number of asset objects unloaded after import = 3
========================================================================
Received Import Request.
  Time since last request: 0.000033 seconds.
  path: Assets/Animation/top/Top_animtion0_09.png
  artifactKey: Guid(3cce4c78899f2ee40a7f6ca37b744763) Importer(815301076,1909f56bfc062723c751e8b465ee728b)
Start importing Assets/Animation/top/Top_animtion0_09.png using Guid(3cce4c78899f2ee40a7f6ca37b744763) Importer(815301076,1909f56bfc062723c751e8b465ee728b)  -> (artifact id: 'd4224ba7120c20eead255eeea1dfd9e6') in 0.035215 seconds
Number of updated asset objects reloaded before import = 0
Number of asset objects unloaded after import = 3
========================================================================
Received Import Request.
  Time since last request: 0.000035 seconds.
  path: Assets/Animation/top/Top_animtion0_17.png
  artifactKey: Guid(aad4238b9e710814490898132a8320f0) Importer(815301076,1909f56bfc062723c751e8b465ee728b)
Start importing Assets/Animation/top/Top_animtion0_17.png using Guid(aad4238b9e710814490898132a8320f0) Importer(815301076,1909f56bfc062723c751e8b465ee728b)  -> (artifact id: 'c12e7ccee43a07a89facbc098dbaef90') in 0.031380 seconds
Number of updated asset objects reloaded before import = 0
Number of asset objects unloaded after import = 3
========================================================================
Received Import Request.
  Time since last request: 0.057619 seconds.
  path: Assets/Animation/top/Top_animtion0_00.png
  artifactKey: Guid(ed30c8f49e708504ca2b5e0e22b414e2) Importer(815301076,1909f56bfc062723c751e8b465ee728b)
Start importing Assets/Animation/top/Top_animtion0_00.png using Guid(ed30c8f49e708504ca2b5e0e22b414e2) Importer(815301076,1909f56bfc062723c751e8b465ee728b)  -> (artifact id: '56988bec444ba345ccf95fcd1b3c912e') in 0.041587 seconds
Number of updated asset objects reloaded before import = 0
Number of asset objects unloaded after import = 3
========================================================================
Received Import Request.
  Time since last request: 0.000041 seconds.
  path: Assets/Animation/top/Top_animtion0_04.png
  artifactKey: Guid(e84dc57a393ff7242b7626c075d22482) Importer(815301076,1909f56bfc062723c751e8b465ee728b)
Start importing Assets/Animation/top/Top_animtion0_04.png using Guid(e84dc57a393ff7242b7626c075d22482) Importer(815301076,1909f56bfc062723c751e8b465ee728b)  -> (artifact id: '00f60d0ae8e5270184eec00d7e7cd2cd') in 0.033869 seconds
Number of updated asset objects reloaded before import = 0
Number of asset objects unloaded after import = 3
========================================================================
Received Import Request.
  Time since last request: 0.000052 seconds.
  path: Assets/Animation/top/Top_animtion0_02.png
  artifactKey: Guid(3bbd60d340dd5574981be77c81f1b7a4) Importer(815301076,1909f56bfc062723c751e8b465ee728b)
Start importing Assets/Animation/top/Top_animtion0_02.png using Guid(3bbd60d340dd5574981be77c81f1b7a4) Importer(815301076,1909f56bfc062723c751e8b465ee728b)  -> (artifact id: '9ffd66dfd8f605bca9a754b6829b988b') in 0.028867 seconds
Number of updated asset objects reloaded before import = 0
Number of asset objects unloaded after import = 3
========================================================================
Received Import Request.
  Time since last request: 0.000024 seconds.
  path: Assets/Animation/top/Top_animtion0_03.png
  artifactKey: Guid(6994bfd1ff49c2f4ea208d6a2cb527f3) Importer(815301076,1909f56bfc062723c751e8b465ee728b)
Start importing Assets/Animation/top/Top_animtion0_03.png using Guid(6994bfd1ff49c2f4ea208d6a2cb527f3) Importer(815301076,1909f56bfc062723c751e8b465ee728b)  -> (artifact id: 'e904e8a8361d76103f80c12779a4b637') in 0.033531 seconds
Number of updated asset objects reloaded before import = 0
Number of asset objects unloaded after import = 3
========================================================================
Received Prepare
Begin MonoManager ReloadAssembly
- Loaded All Assemblies, in  0.910 seconds
Refreshing native plugins compatible for Editor in 8.53 ms, found 4 plugins.
Native extension for WindowsStandalone target not found
Native extension for WebGL target not found
[Package Manager] Server::EnsureServerProcessIsRunning -- launch failed, reason: Unity was launched with the -noUpm command-line argument
[Package Manager] UpmClient::Send -- Unable to send message (not connected to UPM process).
[Package Manager] Cannot connect to Unity Package Manager local server
Mono: successfully reloaded assembly
- Finished resetting the current domain, in  2.087 seconds
Domain Reload Profiling: 2992ms
	BeginReloadAssembly (282ms)
		ExecutionOrderSort (0ms)
		DisableScriptedObjects (22ms)
		BackupInstance (0ms)
		ReleaseScriptingObjects (0ms)
		CreateAndSetChildDomain (74ms)
	RebuildCommonClasses (88ms)
	RebuildNativeTypeToScriptingClass (36ms)
	initialDomainReloadingComplete (60ms)
	LoadAllAssembliesAndSetupDomain (438ms)
		LoadAssemblies (549ms)
		RebuildTransferFunctionScriptingTraits (0ms)
		AnalyzeDomain (27ms)
			TypeCache.Refresh (12ms)
				TypeCache.ScanAssembly (0ms)
			ScanForSourceGeneratedMonoScriptInfo (0ms)
			ResolveRequiredComponents (13ms)
	FinalizeReload (2088ms)
		ReleaseScriptCaches (0ms)
		RebuildScriptCaches (0ms)
		SetupLoadedEditorAssemblies (988ms)
			LogAssemblyErrors (0ms)
			InitializePlatformSupportModulesInManaged (17ms)
			SetLoadedEditorAssemblies (10ms)
			RefreshPlugins (0ms)
			BeforeProcessingInitializeOnLoad (163ms)
			ProcessInitializeOnLoadAttributes (688ms)
			ProcessInitializeOnLoadMethodAttributes (88ms)
			AfterProcessingInitializeOnLoad (20ms)
			EditorAssembliesLoaded (1ms)
		ExecutionOrderSort2 (0ms)
		AwakeInstancesAfterBackupRestoration (33ms)
Refreshing native plugins compatible for Editor in 7.95 ms, found 4 plugins.
Preloading 0 native plugins for Editor in 0.00 ms.
Unloading 4051 Unused Serialized files (Serialized files now loaded: 0)
Unloading 36 unused Assets / (35.2 KB). Loaded Objects now: 4549.
Memory consumption went from 147.9 MB to 147.9 MB.
Total: 6.801800 ms (FindLiveObjects: 0.547000 ms CreateObjectMapping: 0.484600 ms MarkObjects: 5.688900 ms  DeleteObjects: 0.078200 ms)

Prepare: number of updated asset objects reloaded= 0
AssetImportParameters requested are different than current active one (requested -> active):
  custom:container-demuxer-ogg: 62fdf1f143b41e24485cea50d1cbac27 -> 
  custom:video-decoder-ogg-theora: a1e56fd34408186e4bbccfd4996cb3dc -> 
  custom:framework-win-MediaFoundation: 216162199b28c13a410421893ffa2e32 -> 
  custom:CustomObjectIndexerAttribute: 756ad292c208cfabdd7b50bc23989ffe -> 
  custom:container-demuxer-webm: 4f35f7cbe854078d1ac9338744f61a02 -> 
  custom:container-muxer-webm: aa71ff27fc2769a1b78a27578f13a17b -> 
  custom:video-decoder-webm-vp8: 9c59270c3fd7afecdb556c50c9e8de78 -> 
  custom:SearchIndexIgnoredProperties: e643bd26f0fe6173181afceb89e7c659 -> 
  custom:AudioImporter_EditorPlatform: d09bf68614088b80899f8185d706f6e7 -> 
  custom:video-encoder-webm-vp8: eb34c28f22e8b96e1ab97ce403110664 -> 
  custom:audio-decoder-ogg-vorbis: bf7c407c2cedff20999df2af8eb42d56 -> 
  custom:audio-encoder-webm-vorbis: bf7c407c2cedff20999df2af8eb42d56 -> 
========================================================================
Received Import Request.
  Time since last request: 218.246425 seconds.
  path: Assets/Animation/walk.anim
  artifactKey: Guid(8efd2d7c7cd2751479ad2a53b8b609c3) Importer(815301076,1909f56bfc062723c751e8b465ee728b)
Start importing Assets/Animation/walk.anim using Guid(8efd2d7c7cd2751479ad2a53b8b609c3) Importer(815301076,1909f56bfc062723c751e8b465ee728b)  -> (artifact id: '3a4efcecfe7f21cfee94b7ac3622bbe5') in 0.023126 seconds
Number of updated asset objects reloaded before import = 0
Number of asset objects unloaded after import = 1
========================================================================
Received Prepare
Begin MonoManager ReloadAssembly
- Loaded All Assemblies, in  0.912 seconds
Refreshing native plugins compatible for Editor in 9.35 ms, found 4 plugins.
Native extension for WindowsStandalone target not found
Native extension for WebGL target not found
[Package Manager] Server::EnsureServerProcessIsRunning -- launch failed, reason: Unity was launched with the -noUpm command-line argument
[Package Manager] UpmClient::Send -- Unable to send message (not connected to UPM process).
[Package Manager] Cannot connect to Unity Package Manager local server
Mono: successfully reloaded assembly
- Finished resetting the current domain, in  2.302 seconds
Domain Reload Profiling: 3209ms
	BeginReloadAssembly (280ms)
		ExecutionOrderSort (0ms)
		DisableScriptedObjects (26ms)
		BackupInstance (0ms)
		ReleaseScriptingObjects (0ms)
		CreateAndSetChildDomain (56ms)
	RebuildCommonClasses (84ms)
	RebuildNativeTypeToScriptingClass (34ms)
	initialDomainReloadingComplete (58ms)
	LoadAllAssembliesAndSetupDomain (451ms)
		LoadAssemblies (572ms)
		RebuildTransferFunctionScriptingTraits (0ms)
		AnalyzeDomain (40ms)
			TypeCache.Refresh (12ms)
				TypeCache.ScanAssembly (0ms)
			ScanForSourceGeneratedMonoScriptInfo (0ms)
			ResolveRequiredComponents (25ms)
	FinalizeReload (2303ms)
		ReleaseScriptCaches (0ms)
		RebuildScriptCaches (0ms)
		SetupLoadedEditorAssemblies (1009ms)
			LogAssemblyErrors (0ms)
			InitializePlatformSupportModulesInManaged (22ms)
			SetLoadedEditorAssemblies (9ms)
			RefreshPlugins (0ms)
			BeforeProcessingInitializeOnLoad (184ms)
			ProcessInitializeOnLoadAttributes (695ms)
			ProcessInitializeOnLoadMethodAttributes (84ms)
			AfterProcessingInitializeOnLoad (16ms)
			EditorAssembliesLoaded (1ms)
		ExecutionOrderSort2 (0ms)
		AwakeInstancesAfterBackupRestoration (38ms)
Refreshing native plugins compatible for Editor in 7.61 ms, found 4 plugins.
Preloading 0 native plugins for Editor in 0.00 ms.
Unloading 4051 Unused Serialized files (Serialized files now loaded: 0)
Unloading 36 unused Assets / (35.2 KB). Loaded Objects now: 4553.
Memory consumption went from 149.9 MB to 149.8 MB.
Total: 7.387600 ms (FindLiveObjects: 0.686000 ms CreateObjectMapping: 0.281300 ms MarkObjects: 6.334900 ms  DeleteObjects: 0.083400 ms)

Prepare: number of updated asset objects reloaded= 0
AssetImportParameters requested are different than current active one (requested -> active):
  custom:container-demuxer-ogg: 62fdf1f143b41e24485cea50d1cbac27 -> 
  custom:video-decoder-ogg-theora: a1e56fd34408186e4bbccfd4996cb3dc -> 
  custom:framework-win-MediaFoundation: 216162199b28c13a410421893ffa2e32 -> 
  custom:CustomObjectIndexerAttribute: 756ad292c208cfabdd7b50bc23989ffe -> 
  custom:container-demuxer-webm: 4f35f7cbe854078d1ac9338744f61a02 -> 
  custom:container-muxer-webm: aa71ff27fc2769a1b78a27578f13a17b -> 
  custom:video-decoder-webm-vp8: 9c59270c3fd7afecdb556c50c9e8de78 -> 
  custom:SearchIndexIgnoredProperties: e643bd26f0fe6173181afceb89e7c659 -> 
  custom:AudioImporter_EditorPlatform: d09bf68614088b80899f8185d706f6e7 -> 
  custom:video-encoder-webm-vp8: eb34c28f22e8b96e1ab97ce403110664 -> 
  custom:audio-decoder-ogg-vorbis: bf7c407c2cedff20999df2af8eb42d56 -> 
  custom:audio-encoder-webm-vorbis: bf7c407c2cedff20999df2af8eb42d56 -> 
========================================================================
Received Import Request.
  Time since last request: 166.351883 seconds.
  path: Assets/Animation/down/left.anim
  artifactKey: Guid(a92dccda925b3554e949dd2bc6891073) Importer(815301076,1909f56bfc062723c751e8b465ee728b)
Start importing Assets/Animation/down/left.anim using Guid(a92dccda925b3554e949dd2bc6891073) Importer(815301076,1909f56bfc062723c751e8b465ee728b)  -> (artifact id: '1bc1cf45c989187eb56c7ece4ecae47c') in 0.025450 seconds
Number of updated asset objects reloaded before import = 0
Number of asset objects unloaded after import = 1
========================================================================
Received Import Request.
  Time since last request: 38.465586 seconds.
  path: Assets/Animation/left
  artifactKey: Guid(d19debf8d39855f4a82cfdd8eb2ab01e) Importer(815301076,1909f56bfc062723c751e8b465ee728b)
Start importing Assets/Animation/left using Guid(d19debf8d39855f4a82cfdd8eb2ab01e) Importer(815301076,1909f56bfc062723c751e8b465ee728b)  -> (artifact id: 'f03e20ae7df6d909f9f14de9e33a85ad') in 0.001349 seconds
Number of updated asset objects reloaded before import = 0
Number of asset objects unloaded after import = 0
========================================================================
Received Import Request.
  Time since last request: 23.048250 seconds.
  path: Assets/Animation/left/Armature_animtion0_21.png
  artifactKey: Guid(115368f65110d484a9e6afd553747111) Importer(815301076,1909f56bfc062723c751e8b465ee728b)
Start importing Assets/Animation/left/Armature_animtion0_21.png using Guid(115368f65110d484a9e6afd553747111) Importer(815301076,1909f56bfc062723c751e8b465ee728b)  -> (artifact id: 'cead0f9e83f2111832bfb4235905fb8b') in 0.128161 seconds
Number of updated asset objects reloaded before import = 0
Number of asset objects unloaded after import = 3
========================================================================
Received Import Request.
  Time since last request: 0.000056 seconds.
  path: Assets/Animation/left/Armature_animtion0_30.png
  artifactKey: Guid(d03b71d94b9f1764ab31f2c18c9cc07e) Importer(815301076,1909f56bfc062723c751e8b465ee728b)
Start importing Assets/Animation/left/Armature_animtion0_30.png using Guid(d03b71d94b9f1764ab31f2c18c9cc07e) Importer(815301076,1909f56bfc062723c751e8b465ee728b)  -> (artifact id: 'b81683f988b1cc1fcf556bda5c80a15f') in 0.029832 seconds
Number of updated asset objects reloaded before import = 0
Number of asset objects unloaded after import = 3
========================================================================
Received Import Request.
  Time since last request: 0.000042 seconds.
  path: Assets/Animation/left/Armature_animtion0_26.png
  artifactKey: Guid(45a86cc9fe4cfc94b9499773a358dcda) Importer(815301076,1909f56bfc062723c751e8b465ee728b)
Start importing Assets/Animation/left/Armature_animtion0_26.png using Guid(45a86cc9fe4cfc94b9499773a358dcda) Importer(815301076,1909f56bfc062723c751e8b465ee728b)  -> (artifact id: '6c83b7b8e46431bda1773e7d3ea6d79d') in 0.030861 seconds
Number of updated asset objects reloaded before import = 0
Number of asset objects unloaded after import = 3
========================================================================
Received Import Request.
  Time since last request: 0.000029 seconds.
  path: Assets/Animation/left/Armature_animtion0_28.png
  artifactKey: Guid(784e5159d05d21a4dbfd70267740b38b) Importer(815301076,1909f56bfc062723c751e8b465ee728b)
Start importing Assets/Animation/left/Armature_animtion0_28.png using Guid(784e5159d05d21a4dbfd70267740b38b) Importer(815301076,1909f56bfc062723c751e8b465ee728b)  -> (artifact id: '35f7417acd71d65cab20d581e51a2715') in 0.031730 seconds
Number of updated asset objects reloaded before import = 0
Number of asset objects unloaded after import = 3
========================================================================
Received Import Request.
  Time since last request: 0.000033 seconds.
  path: Assets/Animation/left/Armature_animtion0_27.png
  artifactKey: Guid(d8aea47363a031846a3362a11bf31bd6) Importer(815301076,1909f56bfc062723c751e8b465ee728b)
Start importing Assets/Animation/left/Armature_animtion0_27.png using Guid(d8aea47363a031846a3362a11bf31bd6) Importer(815301076,1909f56bfc062723c751e8b465ee728b)  -> (artifact id: 'b430d6b3a28ed9ef4b2b54546dbe5a4a') in 0.035283 seconds
Number of updated asset objects reloaded before import = 0
Number of asset objects unloaded after import = 3
========================================================================
Received Import Request.
  Time since last request: 0.000021 seconds.
  path: Assets/Animation/left/Armature_animtion0_24.png
  artifactKey: Guid(254b500837631114fa2086e6a8fbb261) Importer(815301076,1909f56bfc062723c751e8b465ee728b)
Start importing Assets/Animation/left/Armature_animtion0_24.png using Guid(254b500837631114fa2086e6a8fbb261) Importer(815301076,1909f56bfc062723c751e8b465ee728b)  -> (artifact id: 'ec6f35991fe44f05ffde5bfe8109e771') in 0.028088 seconds
Number of updated asset objects reloaded before import = 0
Number of asset objects unloaded after import = 3
========================================================================
Received Import Request.
  Time since last request: 2.845765 seconds.
  path: Assets/Animation/left/Armature_animtion0_14.png
  artifactKey: Guid(41bc708454f229e4d9113861736b33da) Importer(815301076,1909f56bfc062723c751e8b465ee728b)
Start importing Assets/Animation/left/Armature_animtion0_14.png using Guid(41bc708454f229e4d9113861736b33da) Importer(815301076,1909f56bfc062723c751e8b465ee728b)  -> (artifact id: '1642b3ccca719328551fb423b56e9059') in 0.060881 seconds
Number of updated asset objects reloaded before import = 0
Number of asset objects unloaded after import = 3
========================================================================
Received Import Request.
  Time since last request: 0.000051 seconds.
  path: Assets/Animation/left/Armature_animtion0_19.png
  artifactKey: Guid(7b5d177904430414aa32f8e75e6f222f) Importer(815301076,1909f56bfc062723c751e8b465ee728b)
Start importing Assets/Animation/left/Armature_animtion0_19.png using Guid(7b5d177904430414aa32f8e75e6f222f) Importer(815301076,1909f56bfc062723c751e8b465ee728b)  -> (artifact id: '9b4ada22d4ba723d53fd4ae9bac9e862') in 0.034004 seconds
Number of updated asset objects reloaded before import = 0
Number of asset objects unloaded after import = 3
========================================================================
Received Import Request.
  Time since last request: 0.000042 seconds.
  path: Assets/Animation/left/Armature_animtion0_18.png
  artifactKey: Guid(2888d82dd37395e418f7d3055f08a2e4) Importer(815301076,1909f56bfc062723c751e8b465ee728b)
Start importing Assets/Animation/left/Armature_animtion0_18.png using Guid(2888d82dd37395e418f7d3055f08a2e4) Importer(815301076,1909f56bfc062723c751e8b465ee728b)  -> (artifact id: '8558c7810475f1fdbda27e01716ef274') in 0.032223 seconds
Number of updated asset objects reloaded before import = 0
Number of asset objects unloaded after import = 3
========================================================================
Received Import Request.
  Time since last request: 0.000039 seconds.
  path: Assets/Animation/left/Armature_animtion0_13.png
  artifactKey: Guid(acbf78966005ecd4bb8e7ed66251dde2) Importer(815301076,1909f56bfc062723c751e8b465ee728b)
Start importing Assets/Animation/left/Armature_animtion0_13.png using Guid(acbf78966005ecd4bb8e7ed66251dde2) Importer(815301076,1909f56bfc062723c751e8b465ee728b)  -> (artifact id: 'ac4fcbd8e1e4367b12bf841851baa41d') in 0.033889 seconds
Number of updated asset objects reloaded before import = 0
Number of asset objects unloaded after import = 3
========================================================================
Received Import Request.
  Time since last request: 0.000022 seconds.
  path: Assets/Animation/left/Armature_animtion0_11.png
  artifactKey: Guid(8d2e7bc20cb410c4a8132ee770de7471) Importer(815301076,1909f56bfc062723c751e8b465ee728b)
Start importing Assets/Animation/left/Armature_animtion0_11.png using Guid(8d2e7bc20cb410c4a8132ee770de7471) Importer(815301076,1909f56bfc062723c751e8b465ee728b)  -> (artifact id: 'f4ab27670224b0b429d7dbbbb39adbd8') in 0.034329 seconds
Number of updated asset objects reloaded before import = 0
Number of asset objects unloaded after import = 3
========================================================================
Received Import Request.
  Time since last request: 0.000024 seconds.
  path: Assets/Animation/left/Armature_animtion0_07.png
  artifactKey: Guid(bda01db765c3f244d921edeba81576b1) Importer(815301076,1909f56bfc062723c751e8b465ee728b)
Start importing Assets/Animation/left/Armature_animtion0_07.png using Guid(bda01db765c3f244d921edeba81576b1) Importer(815301076,1909f56bfc062723c751e8b465ee728b)  -> (artifact id: '7c85189ba1881b1a785b04c2cef7d371') in 0.026675 seconds
Number of updated asset objects reloaded before import = 0
Number of asset objects unloaded after import = 3
========================================================================
Received Import Request.
  Time since last request: 0.000024 seconds.
  path: Assets/Animation/left/Armature_animtion0_08.png
  artifactKey: Guid(353dd68129c6a844eb2393799e2b19ed) Importer(815301076,1909f56bfc062723c751e8b465ee728b)
Start importing Assets/Animation/left/Armature_animtion0_08.png using Guid(353dd68129c6a844eb2393799e2b19ed) Importer(815301076,1909f56bfc062723c751e8b465ee728b)  -> (artifact id: 'f247240e11cac2b71bbd3d3b2fe63adf') in 0.031216 seconds
Number of updated asset objects reloaded before import = 0
Number of asset objects unloaded after import = 3
========================================================================
Received Import Request.
  Time since last request: 17.123838 seconds.
  path: Assets/Animation/left/Armature_animtion0_00.png
  artifactKey: Guid(38430ca989fac4a45a334ae43c6ba982) Importer(815301076,1909f56bfc062723c751e8b465ee728b)
Start importing Assets/Animation/left/Armature_animtion0_00.png using Guid(38430ca989fac4a45a334ae43c6ba982) Importer(815301076,1909f56bfc062723c751e8b465ee728b)  -> (artifact id: '37a52cca6d51c4121b5d9dabdfa87c11') in 0.047779 seconds
Number of updated asset objects reloaded before import = 0
Number of asset objects unloaded after import = 3
========================================================================
Received Import Request.
  Time since last request: 0.000032 seconds.
  path: Assets/Animation/left/Armature_animtion0_05.png
  artifactKey: Guid(8084ffc8f9be34e4d92969d682b7b1ff) Importer(815301076,1909f56bfc062723c751e8b465ee728b)
Start importing Assets/Animation/left/Armature_animtion0_05.png using Guid(8084ffc8f9be34e4d92969d682b7b1ff) Importer(815301076,1909f56bfc062723c751e8b465ee728b)  -> (artifact id: '9a394f9cfd718438b20e6edd2c837379') in 0.041087 seconds
Number of updated asset objects reloaded before import = 0
Number of asset objects unloaded after import = 3
========================================================================
Received Import Request.
  Time since last request: 0.000041 seconds.
  path: Assets/Animation/left/Armature_animtion0_04.png
  artifactKey: Guid(09402a6ce2f2213449a1bfa817196b8d) Importer(815301076,1909f56bfc062723c751e8b465ee728b)
Start importing Assets/Animation/left/Armature_animtion0_04.png using Guid(09402a6ce2f2213449a1bfa817196b8d) Importer(815301076,1909f56bfc062723c751e8b465ee728b)  -> (artifact id: '988eb5c0edec806ee1b8a14371007ce2') in 0.033511 seconds
Number of updated asset objects reloaded before import = 0
Number of asset objects unloaded after import = 3
========================================================================
Received Import Request.
  Time since last request: 221.034850 seconds.
  path: Assets/Animation/New Folder
  artifactKey: Guid(165716f88aa4d2849a48e13663f2997b) Importer(815301076,1909f56bfc062723c751e8b465ee728b)
Start importing Assets/Animation/New Folder using Guid(165716f88aa4d2849a48e13663f2997b) Importer(815301076,1909f56bfc062723c751e8b465ee728b)  -> (artifact id: '31f5744dcab92c7c4e30f550ab7b43ba') in 0.001196 seconds
Number of updated asset objects reloaded before import = 0
Number of asset objects unloaded after import = 0
========================================================================
Received Prepare
Begin MonoManager ReloadAssembly
- Loaded All Assemblies, in  1.142 seconds
Refreshing native plugins compatible for Editor in 18.14 ms, found 4 plugins.
Native extension for WindowsStandalone target not found
Native extension for WebGL target not found
[Package Manager] Server::EnsureServerProcessIsRunning -- launch failed, reason: Unity was launched with the -noUpm command-line argument
[Package Manager] UpmClient::Send -- Unable to send message (not connected to UPM process).
[Package Manager] Cannot connect to Unity Package Manager local server
Mono: successfully reloaded assembly
- Finished resetting the current domain, in  3.811 seconds
Domain Reload Profiling: 4952ms
	BeginReloadAssembly (276ms)
		ExecutionOrderSort (0ms)
		DisableScriptedObjects (22ms)
		BackupInstance (0ms)
		ReleaseScriptingObjects (0ms)
		CreateAndSetChildDomain (57ms)
	RebuildCommonClasses (70ms)
	RebuildNativeTypeToScriptingClass (40ms)
	initialDomainReloadingComplete (78ms)
	LoadAllAssembliesAndSetupDomain (674ms)
		LoadAssemblies (781ms)
		RebuildTransferFunctionScriptingTraits (0ms)
		AnalyzeDomain (50ms)
			TypeCache.Refresh (21ms)
				TypeCache.ScanAssembly (0ms)
			ScanForSourceGeneratedMonoScriptInfo (1ms)
			ResolveRequiredComponents (24ms)
	FinalizeReload (3814ms)
		ReleaseScriptCaches (0ms)
		RebuildScriptCaches (0ms)
		SetupLoadedEditorAssemblies (1591ms)
			LogAssemblyErrors (0ms)
			InitializePlatformSupportModulesInManaged (27ms)
			SetLoadedEditorAssemblies (14ms)
			RefreshPlugins (0ms)
			BeforeProcessingInitializeOnLoad (275ms)
			ProcessInitializeOnLoadAttributes (1097ms)
			ProcessInitializeOnLoadMethodAttributes (143ms)
			AfterProcessingInitializeOnLoad (33ms)
			EditorAssembliesLoaded (1ms)
		ExecutionOrderSort2 (0ms)
		AwakeInstancesAfterBackupRestoration (54ms)
Refreshing native plugins compatible for Editor in 14.47 ms, found 4 plugins.
Preloading 0 native plugins for Editor in 0.00 ms.
Unloading 4051 Unused Serialized files (Serialized files now loaded: 0)
Unloading 36 unused Assets / (35.2 KB). Loaded Objects now: 4559.
Memory consumption went from 151.8 MB to 151.8 MB.
Total: 11.737000 ms (FindLiveObjects: 0.825000 ms CreateObjectMapping: 0.661100 ms MarkObjects: 9.936500 ms  DeleteObjects: 0.312100 ms)

Prepare: number of updated asset objects reloaded= 0
AssetImportParameters requested are different than current active one (requested -> active):
  custom:container-demuxer-ogg: 62fdf1f143b41e24485cea50d1cbac27 -> 
  custom:video-decoder-ogg-theora: a1e56fd34408186e4bbccfd4996cb3dc -> 
  custom:framework-win-MediaFoundation: 216162199b28c13a410421893ffa2e32 -> 
  custom:CustomObjectIndexerAttribute: 756ad292c208cfabdd7b50bc23989ffe -> 
  custom:container-demuxer-webm: 4f35f7cbe854078d1ac9338744f61a02 -> 
  custom:container-muxer-webm: aa71ff27fc2769a1b78a27578f13a17b -> 
  custom:video-decoder-webm-vp8: 9c59270c3fd7afecdb556c50c9e8de78 -> 
  custom:SearchIndexIgnoredProperties: e643bd26f0fe6173181afceb89e7c659 -> 
  custom:AudioImporter_EditorPlatform: d09bf68614088b80899f8185d706f6e7 -> 
  custom:video-encoder-webm-vp8: eb34c28f22e8b96e1ab97ce403110664 -> 
  custom:audio-decoder-ogg-vorbis: bf7c407c2cedff20999df2af8eb42d56 -> 
  custom:audio-encoder-webm-vorbis: bf7c407c2cedff20999df2af8eb42d56 -> 
