Using pre-set license
Built from '2022.3/release' branch; Version is '2022.3.12f1 (4fe6e059c7ef) revision 5236448'; Using compiler version '192829333'; Build Type 'Release'
OS: 'Windows 10  (10.0.19044) 64bit IoTEnterpriseS' Language: 'ru' Physical Memory: 7504 MB
BatchMode: 1, IsHumanControllingUs: 0, StartBugReporterOnCrash: 0, Is64bit: 1, IsPro: 1

COMMAND LINE ARGUMENTS:
C:\Program Files\Unity\Hub\Editor\2022.3.12f1\Editor\Unity.exe
-adb2
-batchMode
-noUpm
-name
AssetImportWorker3
-projectPath
C:/Users/Admin/Documents/GitHub/UnityGame/My project
-logFile
Logs/AssetImportWorker3.log
-srvPort
54908
Successfully changed project path to: C:/Users/Admin/Documents/GitHub/UnityGame/My project
C:/Users/Admin/Documents/GitHub/UnityGame/My project
[UnityMemory] Configuration Parameters - Can be set up in boot.config
    "memorysetup-bucket-allocator-granularity=16"
    "memorysetup-bucket-allocator-bucket-count=8"
    "memorysetup-bucket-allocator-block-size=33554432"
    "memorysetup-bucket-allocator-block-count=8"
    "memorysetup-main-allocator-block-size=16777216"
    "memorysetup-thread-allocator-block-size=16777216"
    "memorysetup-gfx-main-allocator-block-size=16777216"
    "memorysetup-gfx-thread-allocator-block-size=16777216"
    "memorysetup-cache-allocator-block-size=4194304"
    "memorysetup-typetree-allocator-block-size=2097152"
    "memorysetup-profiler-bucket-allocator-granularity=16"
    "memorysetup-profiler-bucket-allocator-bucket-count=8"
    "memorysetup-profiler-bucket-allocator-block-size=33554432"
    "memorysetup-profiler-bucket-allocator-block-count=8"
    "memorysetup-profiler-allocator-block-size=16777216"
    "memorysetup-profiler-editor-allocator-block-size=1048576"
    "memorysetup-temp-allocator-size-main=16777216"
    "memorysetup-job-temp-allocator-block-size=2097152"
    "memorysetup-job-temp-allocator-block-size-background=1048576"
    "memorysetup-job-temp-allocator-reduction-small-platforms=262144"
    "memorysetup-allocator-temp-initial-block-size-main=262144"
    "memorysetup-allocator-temp-initial-block-size-worker=262144"
    "memorysetup-temp-allocator-size-background-worker=32768"
    "memorysetup-temp-allocator-size-job-worker=262144"
    "memorysetup-temp-allocator-size-preload-manager=33554432"
    "memorysetup-temp-allocator-size-nav-mesh-worker=65536"
    "memorysetup-temp-allocator-size-audio-worker=65536"
    "memorysetup-temp-allocator-size-cloud-worker=32768"
    "memorysetup-temp-allocator-size-gi-baking-worker=262144"
    "memorysetup-temp-allocator-size-gfx=262144"
Player connection [20028] Host "[IP] 192.168.0.11 [Port] 0 [Flags] 2 [Guid] 2963801394 [EditorId] 2963801394 [Version] 1048832 [Id] WindowsEditor(7,KOMPUTER) [Debug] 1 [PackageName] WindowsEditor [ProjectName] Editor" joined multi-casting on [225.0.0.222:54997]...

Player connection [20028] Host "[IP] 192.168.0.11 [Port] 0 [Flags] 2 [Guid] 2963801394 [EditorId] 2963801394 [Version] 1048832 [Id] WindowsEditor(7,KOMPUTER) [Debug] 1 [PackageName] WindowsEditor [ProjectName] Editor" joined alternative multi-casting on [225.0.0.222:34997]...

[Physics::Module] Initialized MultithreadedJobDispatcher with 11 workers.
Refreshing native plugins compatible for Editor in 31.33 ms, found 4 plugins.
Preloading 0 native plugins for Editor in 0.00 ms.
Initialize engine version: 2022.3.12f1 (4fe6e059c7ef)
[Subsystems] Discovering subsystems at path C:/Program Files/Unity/Hub/Editor/2022.3.12f1/Editor/Data/Resources/UnitySubsystems
[Subsystems] Discovering subsystems at path C:/Users/Admin/Documents/GitHub/UnityGame/My project/Assets
GfxDevice: creating device client; threaded=0; jobified=0
Direct3D:
    Version:  Direct3D 11.0 [level 11.1]
    Renderer: AMD Radeon(TM) Graphics (ID=0x164c)
    Vendor:   ATI
    VRAM:     3752 MB
    Driver:   30.0.21017.1000
Initialize mono
Mono path[0] = 'C:/Program Files/Unity/Hub/Editor/2022.3.12f1/Editor/Data/Managed'
Mono path[1] = 'C:/Program Files/Unity/Hub/Editor/2022.3.12f1/Editor/Data/MonoBleedingEdge/lib/mono/unityjit-win32'
Mono config path = 'C:/Program Files/Unity/Hub/Editor/2022.3.12f1/Editor/Data/MonoBleedingEdge/etc'
Using monoOptions --debugger-agent=transport=dt_socket,embedding=1,server=y,suspend=n,address=127.0.0.1:56836
Begin MonoManager ReloadAssembly
Registering precompiled unity dll's ...
Register platform support module: C:/Program Files/Unity/Hub/Editor/2022.3.12f1/Editor/Data/PlaybackEngines/WebGLSupport/UnityEditor.WebGL.Extensions.dll
Register platform support module: C:/Program Files/Unity/Hub/Editor/2022.3.12f1/Editor/Data/PlaybackEngines/WindowsStandaloneSupport/UnityEditor.WindowsStandalone.Extensions.dll
Registered in 0.008481 seconds.
- Loaded All Assemblies, in  0.451 seconds
Native extension for WindowsStandalone target not found
Native extension for WebGL target not found
Mono: successfully reloaded assembly
- Finished resetting the current domain, in  0.267 seconds
Domain Reload Profiling: 718ms
	BeginReloadAssembly (181ms)
		ExecutionOrderSort (0ms)
		DisableScriptedObjects (0ms)
		BackupInstance (0ms)
		ReleaseScriptingObjects (0ms)
		CreateAndSetChildDomain (1ms)
	RebuildCommonClasses (38ms)
	RebuildNativeTypeToScriptingClass (12ms)
	initialDomainReloadingComplete (68ms)
	LoadAllAssembliesAndSetupDomain (153ms)
		LoadAssemblies (180ms)
		RebuildTransferFunctionScriptingTraits (0ms)
		AnalyzeDomain (151ms)
			TypeCache.Refresh (149ms)
				TypeCache.ScanAssembly (135ms)
			ScanForSourceGeneratedMonoScriptInfo (0ms)
			ResolveRequiredComponents (1ms)
	FinalizeReload (267ms)
		ReleaseScriptCaches (0ms)
		RebuildScriptCaches (0ms)
		SetupLoadedEditorAssemblies (208ms)
			LogAssemblyErrors (0ms)
			InitializePlatformSupportModulesInManaged (10ms)
			SetLoadedEditorAssemblies (5ms)
			RefreshPlugins (0ms)
			BeforeProcessingInitializeOnLoad (2ms)
			ProcessInitializeOnLoadAttributes (141ms)
			ProcessInitializeOnLoadMethodAttributes (49ms)
			AfterProcessingInitializeOnLoad (0ms)
			EditorAssembliesLoaded (0ms)
		ExecutionOrderSort2 (0ms)
		AwakeInstancesAfterBackupRestoration (0ms)
========================================================================
Worker process is ready to serve import requests
Begin MonoManager ReloadAssembly
- Loaded All Assemblies, in  0.847 seconds
Refreshing native plugins compatible for Editor in 3.32 ms, found 4 plugins.
Native extension for WindowsStandalone target not found
Native extension for WebGL target not found
Package Manager log level set to [2]
[Package Manager] Server::EnsureServerProcessIsRunning -- launch failed, reason: Unity was launched with the -noUpm command-line argument
[Package Manager] UpmClient::Send -- Unable to send message (not connected to UPM process).
[Package Manager] Cannot connect to Unity Package Manager local server
Mono: successfully reloaded assembly
- Finished resetting the current domain, in  0.671 seconds
Domain Reload Profiling: 1518ms
	BeginReloadAssembly (146ms)
		ExecutionOrderSort (0ms)
		DisableScriptedObjects (7ms)
		BackupInstance (0ms)
		ReleaseScriptingObjects (0ms)
		CreateAndSetChildDomain (24ms)
	RebuildCommonClasses (36ms)
	RebuildNativeTypeToScriptingClass (11ms)
	initialDomainReloadingComplete (40ms)
	LoadAllAssembliesAndSetupDomain (614ms)
		LoadAssemblies (502ms)
		RebuildTransferFunctionScriptingTraits (0ms)
		AnalyzeDomain (192ms)
			TypeCache.Refresh (158ms)
				TypeCache.ScanAssembly (142ms)
			ScanForSourceGeneratedMonoScriptInfo (28ms)
			ResolveRequiredComponents (5ms)
	FinalizeReload (672ms)
		ReleaseScriptCaches (0ms)
		RebuildScriptCaches (0ms)
		SetupLoadedEditorAssemblies (509ms)
			LogAssemblyErrors (0ms)
			InitializePlatformSupportModulesInManaged (6ms)
			SetLoadedEditorAssemblies (3ms)
			RefreshPlugins (0ms)
			BeforeProcessingInitializeOnLoad (64ms)
			ProcessInitializeOnLoadAttributes (389ms)
			ProcessInitializeOnLoadMethodAttributes (44ms)
			AfterProcessingInitializeOnLoad (3ms)
			EditorAssembliesLoaded (0ms)
		ExecutionOrderSort2 (0ms)
		AwakeInstancesAfterBackupRestoration (6ms)
Launched and connected shader compiler UnityShaderCompiler.exe after 0.05 seconds
Refreshing native plugins compatible for Editor in 2.47 ms, found 4 plugins.
Preloading 0 native plugins for Editor in 0.00 ms.
Unloading 4082 Unused Serialized files (Serialized files now loaded: 0)
Unloading 70 unused Assets / (245.6 KB). Loaded Objects now: 4540.
Memory consumption went from 148.1 MB to 147.8 MB.
Total: 6.053200 ms (FindLiveObjects: 0.581700 ms CreateObjectMapping: 0.267800 ms MarkObjects: 4.848600 ms  DeleteObjects: 0.352100 ms)

AssetImportParameters requested are different than current active one (requested -> active):
  custom:container-demuxer-ogg: 62fdf1f143b41e24485cea50d1cbac27 -> 
  custom:video-decoder-ogg-theora: a1e56fd34408186e4bbccfd4996cb3dc -> 
  custom:framework-win-MediaFoundation: 216162199b28c13a410421893ffa2e32 -> 
  custom:CustomObjectIndexerAttribute: 756ad292c208cfabdd7b50bc23989ffe -> 
  custom:container-demuxer-webm: 4f35f7cbe854078d1ac9338744f61a02 -> 
  custom:container-muxer-webm: aa71ff27fc2769a1b78a27578f13a17b -> 
  custom:video-decoder-webm-vp8: 9c59270c3fd7afecdb556c50c9e8de78 -> 
  custom:SearchIndexIgnoredProperties: e643bd26f0fe6173181afceb89e7c659 -> 
  custom:AudioImporter_EditorPlatform: d09bf68614088b80899f8185d706f6e7 -> 
  custom:video-encoder-webm-vp8: eb34c28f22e8b96e1ab97ce403110664 -> 
  custom:audio-decoder-ogg-vorbis: bf7c407c2cedff20999df2af8eb42d56 -> 
  custom:audio-encoder-webm-vorbis: bf7c407c2cedff20999df2af8eb42d56 -> 
========================================================================
Received Import Request.
  Time since last request: 20829.980585 seconds.
  path: Assets/Animation/right1/Armature_animtion0_01.png
  artifactKey: Guid(a5649ffbdf2892f40adaa99336c8ba12) Importer(815301076,1909f56bfc062723c751e8b465ee728b)
Start importing Assets/Animation/right1/Armature_animtion0_01.png using Guid(a5649ffbdf2892f40adaa99336c8ba12) Importer(815301076,1909f56bfc062723c751e8b465ee728b)  -> (artifact id: '312bf70cad6a7d9743a80cee53d2b620') in 0.141079 seconds
Number of updated asset objects reloaded before import = 0
Number of asset objects unloaded after import = 3
========================================================================
Received Import Request.
  Time since last request: 0.000060 seconds.
  path: Assets/Animation/right1/Armature_animtion0_06.png
  artifactKey: Guid(4a2746e5dcee4224ba9402b7b823c15d) Importer(815301076,1909f56bfc062723c751e8b465ee728b)
Start importing Assets/Animation/right1/Armature_animtion0_06.png using Guid(4a2746e5dcee4224ba9402b7b823c15d) Importer(815301076,1909f56bfc062723c751e8b465ee728b)  -> (artifact id: '068a5b0e6f6eb4fa21ce81d71da0cf07') in 0.019354 seconds
Number of updated asset objects reloaded before import = 0
Number of asset objects unloaded after import = 3
========================================================================
Received Import Request.
  Time since last request: 0.000058 seconds.
  path: Assets/Animation/right1/Armature_animtion0_10.png
  artifactKey: Guid(a32e0a849f8fa5d48a606f3b331a1ef0) Importer(815301076,1909f56bfc062723c751e8b465ee728b)
Start importing Assets/Animation/right1/Armature_animtion0_10.png using Guid(a32e0a849f8fa5d48a606f3b331a1ef0) Importer(815301076,1909f56bfc062723c751e8b465ee728b)  -> (artifact id: '2750e79f5971722ff7e4a17a590f6489') in 0.020330 seconds
Number of updated asset objects reloaded before import = 0
Number of asset objects unloaded after import = 3
========================================================================
Received Import Request.
  Time since last request: 0.000042 seconds.
  path: Assets/Animation/right1/Armature_animtion0_08.png
  artifactKey: Guid(fbfb8e8fd4f47ae44ac2963a74569d81) Importer(815301076,1909f56bfc062723c751e8b465ee728b)
Start importing Assets/Animation/right1/Armature_animtion0_08.png using Guid(fbfb8e8fd4f47ae44ac2963a74569d81) Importer(815301076,1909f56bfc062723c751e8b465ee728b)  -> (artifact id: '7e268847d27ed70a4f0437e0da6e78a0') in 0.023645 seconds
Number of updated asset objects reloaded before import = 0
Number of asset objects unloaded after import = 3
========================================================================
Received Import Request.
  Time since last request: 0.000065 seconds.
  path: Assets/Animation/right1/Armature_animtion0_16.png
  artifactKey: Guid(004ae1fe5274fee44a0308c8f1c16a32) Importer(815301076,1909f56bfc062723c751e8b465ee728b)
Start importing Assets/Animation/right1/Armature_animtion0_16.png using Guid(004ae1fe5274fee44a0308c8f1c16a32) Importer(815301076,1909f56bfc062723c751e8b465ee728b)  -> (artifact id: 'deb47f6d7202052e48448d9295930247') in 0.019817 seconds
Number of updated asset objects reloaded before import = 0
Number of asset objects unloaded after import = 3
========================================================================
Received Import Request.
  Time since last request: 0.000022 seconds.
  path: Assets/Animation/right1/Armature_animtion0_13.png
  artifactKey: Guid(6c7a1503407a9c245af5b2cd3fa68335) Importer(815301076,1909f56bfc062723c751e8b465ee728b)
Start importing Assets/Animation/right1/Armature_animtion0_13.png using Guid(6c7a1503407a9c245af5b2cd3fa68335) Importer(815301076,1909f56bfc062723c751e8b465ee728b)  -> (artifact id: '5883fbdf5a9836a045d00456fee9dab2') in 0.021013 seconds
Number of updated asset objects reloaded before import = 0
Number of asset objects unloaded after import = 3
========================================================================
Received Prepare
Begin MonoManager ReloadAssembly
- Loaded All Assemblies, in  0.501 seconds
Refreshing native plugins compatible for Editor in 2.56 ms, found 4 plugins.
Native extension for WindowsStandalone target not found
Native extension for WebGL target not found
[Package Manager] Server::EnsureServerProcessIsRunning -- launch failed, reason: Unity was launched with the -noUpm command-line argument
[Package Manager] UpmClient::Send -- Unable to send message (not connected to UPM process).
[Package Manager] Cannot connect to Unity Package Manager local server
Mono: successfully reloaded assembly
- Finished resetting the current domain, in  0.962 seconds
Domain Reload Profiling: 1464ms
	BeginReloadAssembly (172ms)
		ExecutionOrderSort (0ms)
		DisableScriptedObjects (12ms)
		BackupInstance (0ms)
		ReleaseScriptingObjects (0ms)
		CreateAndSetChildDomain (41ms)
	RebuildCommonClasses (37ms)
	RebuildNativeTypeToScriptingClass (15ms)
	initialDomainReloadingComplete (27ms)
	LoadAllAssembliesAndSetupDomain (249ms)
		LoadAssemblies (326ms)
		RebuildTransferFunctionScriptingTraits (0ms)
		AnalyzeDomain (14ms)
			TypeCache.Refresh (6ms)
				TypeCache.ScanAssembly (0ms)
			ScanForSourceGeneratedMonoScriptInfo (0ms)
			ResolveRequiredComponents (6ms)
	FinalizeReload (963ms)
		ReleaseScriptCaches (0ms)
		RebuildScriptCaches (0ms)
		SetupLoadedEditorAssemblies (504ms)
			LogAssemblyErrors (0ms)
			InitializePlatformSupportModulesInManaged (7ms)
			SetLoadedEditorAssemblies (4ms)
			RefreshPlugins (0ms)
			BeforeProcessingInitializeOnLoad (97ms)
			ProcessInitializeOnLoadAttributes (351ms)
			ProcessInitializeOnLoadMethodAttributes (42ms)
			AfterProcessingInitializeOnLoad (4ms)
			EditorAssembliesLoaded (0ms)
		ExecutionOrderSort2 (0ms)
		AwakeInstancesAfterBackupRestoration (18ms)
Refreshing native plugins compatible for Editor in 2.97 ms, found 4 plugins.
Preloading 0 native plugins for Editor in 0.00 ms.
Unloading 4063 Unused Serialized files (Serialized files now loaded: 0)
Unloading 42 unused Assets / (217.7 KB). Loaded Objects now: 4551.
Memory consumption went from 149.8 MB to 149.6 MB.
Total: 6.999300 ms (FindLiveObjects: 1.139900 ms CreateObjectMapping: 0.397100 ms MarkObjects: 4.879000 ms  DeleteObjects: 0.579300 ms)

Prepare: number of updated asset objects reloaded= 0
AssetImportParameters requested are different than current active one (requested -> active):
  custom:container-demuxer-ogg: 62fdf1f143b41e24485cea50d1cbac27 -> 
  custom:video-decoder-ogg-theora: a1e56fd34408186e4bbccfd4996cb3dc -> 
  custom:framework-win-MediaFoundation: 216162199b28c13a410421893ffa2e32 -> 
  custom:CustomObjectIndexerAttribute: 756ad292c208cfabdd7b50bc23989ffe -> 
  custom:container-demuxer-webm: 4f35f7cbe854078d1ac9338744f61a02 -> 
  custom:container-muxer-webm: aa71ff27fc2769a1b78a27578f13a17b -> 
  custom:video-decoder-webm-vp8: 9c59270c3fd7afecdb556c50c9e8de78 -> 
  custom:SearchIndexIgnoredProperties: e643bd26f0fe6173181afceb89e7c659 -> 
  custom:AudioImporter_EditorPlatform: d09bf68614088b80899f8185d706f6e7 -> 
  custom:video-encoder-webm-vp8: eb34c28f22e8b96e1ab97ce403110664 -> 
  custom:audio-decoder-ogg-vorbis: bf7c407c2cedff20999df2af8eb42d56 -> 
  custom:audio-encoder-webm-vorbis: bf7c407c2cedff20999df2af8eb42d56 -> 
========================================================================
Received Import Request.
  Time since last request: 821.456303 seconds.
  path: Assets/Animation/move/Armature_animtion0_14.png
  artifactKey: Guid(6a2421eae323b0545b501b6b292e9617) Importer(815301076,1909f56bfc062723c751e8b465ee728b)
Start importing Assets/Animation/move/Armature_animtion0_14.png using Guid(6a2421eae323b0545b501b6b292e9617) Importer(815301076,1909f56bfc062723c751e8b465ee728b)  -> (artifact id: '831bb236c2bb1f69e758ba1176b1d5a1') in 0.092217 seconds
Number of updated asset objects reloaded before import = 0
Number of asset objects unloaded after import = 3
========================================================================
Received Import Request.
  Time since last request: 0.000027 seconds.
  path: Assets/Animation/move/Armature_animtion0_15.png
  artifactKey: Guid(9b54285186100a348910486991108de8) Importer(815301076,1909f56bfc062723c751e8b465ee728b)
Start importing Assets/Animation/move/Armature_animtion0_15.png using Guid(9b54285186100a348910486991108de8) Importer(815301076,1909f56bfc062723c751e8b465ee728b)  -> (artifact id: 'e53b6fc9f660d5f0efe53ea04b9db5f3') in 0.018342 seconds
Number of updated asset objects reloaded before import = 0
Number of asset objects unloaded after import = 3
========================================================================
Received Import Request.
  Time since last request: 0.000087 seconds.
  path: Assets/Animation/move/Armature_animtion0_16.png
  artifactKey: Guid(4446757683dd376498839b4016ef5a55) Importer(815301076,1909f56bfc062723c751e8b465ee728b)
Start importing Assets/Animation/move/Armature_animtion0_16.png using Guid(4446757683dd376498839b4016ef5a55) Importer(815301076,1909f56bfc062723c751e8b465ee728b)  -> (artifact id: '8884a775962ac636cc6b47e756766bc0') in 0.017703 seconds
Number of updated asset objects reloaded before import = 0
Number of asset objects unloaded after import = 3
========================================================================
Received Import Request.
  Time since last request: 0.603680 seconds.
  path: Assets/Animation/left1/Armature_animtion0_01.png
  artifactKey: Guid(098d65119ffdada408125869e192e55c) Importer(815301076,1909f56bfc062723c751e8b465ee728b)
Start importing Assets/Animation/left1/Armature_animtion0_01.png using Guid(098d65119ffdada408125869e192e55c) Importer(815301076,1909f56bfc062723c751e8b465ee728b)  -> (artifact id: 'd4f5d19ee0246ffa4cf34efea5369555') in 0.015134 seconds
Number of updated asset objects reloaded before import = 0
Number of asset objects unloaded after import = 3
========================================================================
Received Import Request.
  Time since last request: 0.007836 seconds.
  path: Assets/Animation/left1/Armature_animtion0_03.png
  artifactKey: Guid(0a5ada38d2d3d2a4d815f81fd697bcb5) Importer(815301076,1909f56bfc062723c751e8b465ee728b)
Start importing Assets/Animation/left1/Armature_animtion0_03.png using Guid(0a5ada38d2d3d2a4d815f81fd697bcb5) Importer(815301076,1909f56bfc062723c751e8b465ee728b)  -> (artifact id: '09e30192b8f55d066bc94d63e7fdc1fe') in 0.018594 seconds
Number of updated asset objects reloaded before import = 0
Number of asset objects unloaded after import = 3
========================================================================
Received Import Request.
  Time since last request: 0.000028 seconds.
  path: Assets/Animation/left1/Armature_animtion0_08.png
  artifactKey: Guid(7a810946489426246963595c16a4eb0e) Importer(815301076,1909f56bfc062723c751e8b465ee728b)
Start importing Assets/Animation/left1/Armature_animtion0_08.png using Guid(7a810946489426246963595c16a4eb0e) Importer(815301076,1909f56bfc062723c751e8b465ee728b)  -> (artifact id: 'e63e7ad00e05521f2804690f3403cf54') in 0.022203 seconds
Number of updated asset objects reloaded before import = 0
Number of asset objects unloaded after import = 3
========================================================================
Received Import Request.
  Time since last request: 0.000023 seconds.
  path: Assets/Animation/left1/Armature_animtion0_05.png
  artifactKey: Guid(bc325e0192f8b834faa6e664bc87f4aa) Importer(815301076,1909f56bfc062723c751e8b465ee728b)
Start importing Assets/Animation/left1/Armature_animtion0_05.png using Guid(bc325e0192f8b834faa6e664bc87f4aa) Importer(815301076,1909f56bfc062723c751e8b465ee728b)  -> (artifact id: 'bac368da0f2cbe256a05dc844c184f60') in 0.024252 seconds
Number of updated asset objects reloaded before import = 0
Number of asset objects unloaded after import = 3
========================================================================
Received Import Request.
  Time since last request: 0.000036 seconds.
  path: Assets/Animation/left1/Armature_animtion0_14.png
  artifactKey: Guid(24ed67e82298fdd40a33b3889c2cf5db) Importer(815301076,1909f56bfc062723c751e8b465ee728b)
Start importing Assets/Animation/left1/Armature_animtion0_14.png using Guid(24ed67e82298fdd40a33b3889c2cf5db) Importer(815301076,1909f56bfc062723c751e8b465ee728b)  -> (artifact id: '10b48a74b8702c5d2742fb27c4bdbe35') in 0.019435 seconds
Number of updated asset objects reloaded before import = 0
Number of asset objects unloaded after import = 3
========================================================================
Received Import Request.
  Time since last request: 0.000028 seconds.
  path: Assets/Animation/left1/Armature_animtion0_06.png
  artifactKey: Guid(4f9fa1804ce288f49b787032d7af88df) Importer(815301076,1909f56bfc062723c751e8b465ee728b)
Start importing Assets/Animation/left1/Armature_animtion0_06.png using Guid(4f9fa1804ce288f49b787032d7af88df) Importer(815301076,1909f56bfc062723c751e8b465ee728b)  -> (artifact id: 'd19dce829af24b6390619b358581c01a') in 0.021425 seconds
Number of updated asset objects reloaded before import = 0
Number of asset objects unloaded after import = 3
========================================================================
Received Import Request.
  Time since last request: 0.000049 seconds.
  path: Assets/Animation/left1/Armature_animtion0_12.png
  artifactKey: Guid(f8c9b4ba8b2e3c64da35464a695f637b) Importer(815301076,1909f56bfc062723c751e8b465ee728b)
Start importing Assets/Animation/left1/Armature_animtion0_12.png using Guid(f8c9b4ba8b2e3c64da35464a695f637b) Importer(815301076,1909f56bfc062723c751e8b465ee728b)  -> (artifact id: '2fb503928d93d848c8dd5e1a3557d883') in 0.035178 seconds
Number of updated asset objects reloaded before import = 0
Number of asset objects unloaded after import = 3
========================================================================
Received Import Request.
  Time since last request: 0.000053 seconds.
  path: Assets/Animation/left1/Armature_animtion0_02.png
  artifactKey: Guid(f5e406aed3bc13248849e0e5462cf908) Importer(815301076,1909f56bfc062723c751e8b465ee728b)
Start importing Assets/Animation/left1/Armature_animtion0_02.png using Guid(f5e406aed3bc13248849e0e5462cf908) Importer(815301076,1909f56bfc062723c751e8b465ee728b)  -> (artifact id: 'a1bb5c8eaf205dacbb9f522d98488f39') in 0.019610 seconds
Number of updated asset objects reloaded before import = 0
Number of asset objects unloaded after import = 3
========================================================================
Received Import Request.
  Time since last request: 0.382877 seconds.
  path: Assets/Animation/down1/Top_animtion0_14.png
  artifactKey: Guid(cd02dea82c680c04f8fde1190f1b23a9) Importer(815301076,1909f56bfc062723c751e8b465ee728b)
Start importing Assets/Animation/down1/Top_animtion0_14.png using Guid(cd02dea82c680c04f8fde1190f1b23a9) Importer(815301076,1909f56bfc062723c751e8b465ee728b)  -> (artifact id: '84cc140d2e90d480edc67019296dc093') in 0.033171 seconds
Number of updated asset objects reloaded before import = 0
Number of asset objects unloaded after import = 3
========================================================================
Received Import Request.
  Time since last request: 0.000029 seconds.
  path: Assets/Animation/down1/Top_animtion0_16.png
  artifactKey: Guid(285f24a3c7ff8c84194ca19390e8d854) Importer(815301076,1909f56bfc062723c751e8b465ee728b)
Start importing Assets/Animation/down1/Top_animtion0_16.png using Guid(285f24a3c7ff8c84194ca19390e8d854) Importer(815301076,1909f56bfc062723c751e8b465ee728b)  -> (artifact id: 'ddbc4a65f529c33823a8d0250246f9ea') in 0.030343 seconds
Number of updated asset objects reloaded before import = 0
Number of asset objects unloaded after import = 3
========================================================================
Received Prepare
Begin MonoManager ReloadAssembly
- Loaded All Assemblies, in  0.573 seconds
Refreshing native plugins compatible for Editor in 3.01 ms, found 4 plugins.
Native extension for WindowsStandalone target not found
Native extension for WebGL target not found
[Package Manager] Server::EnsureServerProcessIsRunning -- launch failed, reason: Unity was launched with the -noUpm command-line argument
[Package Manager] UpmClient::Send -- Unable to send message (not connected to UPM process).
[Package Manager] Cannot connect to Unity Package Manager local server
Mono: successfully reloaded assembly
- Finished resetting the current domain, in  1.424 seconds
Domain Reload Profiling: 1997ms
	BeginReloadAssembly (178ms)
		ExecutionOrderSort (0ms)
		DisableScriptedObjects (11ms)
		BackupInstance (0ms)
		ReleaseScriptingObjects (0ms)
		CreateAndSetChildDomain (42ms)
	RebuildCommonClasses (39ms)
	RebuildNativeTypeToScriptingClass (12ms)
	initialDomainReloadingComplete (29ms)
	LoadAllAssembliesAndSetupDomain (314ms)
		LoadAssemblies (394ms)
		RebuildTransferFunctionScriptingTraits (0ms)
		AnalyzeDomain (17ms)
			TypeCache.Refresh (9ms)
				TypeCache.ScanAssembly (0ms)
			ScanForSourceGeneratedMonoScriptInfo (0ms)
			ResolveRequiredComponents (7ms)
	FinalizeReload (1425ms)
		ReleaseScriptCaches (0ms)
		RebuildScriptCaches (0ms)
		SetupLoadedEditorAssemblies (482ms)
			LogAssemblyErrors (0ms)
			InitializePlatformSupportModulesInManaged (7ms)
			SetLoadedEditorAssemblies (4ms)
			RefreshPlugins (0ms)
			BeforeProcessingInitializeOnLoad (77ms)
			ProcessInitializeOnLoadAttributes (352ms)
			ProcessInitializeOnLoadMethodAttributes (39ms)
			AfterProcessingInitializeOnLoad (3ms)
			EditorAssembliesLoaded (0ms)
		ExecutionOrderSort2 (0ms)
		AwakeInstancesAfterBackupRestoration (15ms)
Refreshing native plugins compatible for Editor in 3.23 ms, found 4 plugins.
Preloading 0 native plugins for Editor in 0.00 ms.
Unloading 4063 Unused Serialized files (Serialized files now loaded: 0)
Unloading 42 unused Assets / (217.8 KB). Loaded Objects now: 4559.
Memory consumption went from 151.8 MB to 151.5 MB.
Total: 7.229300 ms (FindLiveObjects: 0.499100 ms CreateObjectMapping: 0.180300 ms MarkObjects: 6.160100 ms  DeleteObjects: 0.388200 ms)

Prepare: number of updated asset objects reloaded= 0
AssetImportParameters requested are different than current active one (requested -> active):
  custom:container-demuxer-ogg: 62fdf1f143b41e24485cea50d1cbac27 -> 
  custom:video-decoder-ogg-theora: a1e56fd34408186e4bbccfd4996cb3dc -> 
  custom:framework-win-MediaFoundation: 216162199b28c13a410421893ffa2e32 -> 
  custom:CustomObjectIndexerAttribute: 756ad292c208cfabdd7b50bc23989ffe -> 
  custom:container-demuxer-webm: 4f35f7cbe854078d1ac9338744f61a02 -> 
  custom:container-muxer-webm: aa71ff27fc2769a1b78a27578f13a17b -> 
  custom:video-decoder-webm-vp8: 9c59270c3fd7afecdb556c50c9e8de78 -> 
  custom:SearchIndexIgnoredProperties: e643bd26f0fe6173181afceb89e7c659 -> 
  custom:AudioImporter_EditorPlatform: d09bf68614088b80899f8185d706f6e7 -> 
  custom:video-encoder-webm-vp8: eb34c28f22e8b96e1ab97ce403110664 -> 
  custom:audio-decoder-ogg-vorbis: bf7c407c2cedff20999df2af8eb42d56 -> 
  custom:audio-encoder-webm-vorbis: bf7c407c2cedff20999df2af8eb42d56 -> 
========================================================================
Received Import Request.
  Time since last request: 41.963440 seconds.
  path: Assets/Animation/top1/Top_animtion0_01.png
  artifactKey: Guid(2cabdf21476c6234381fc2bce31aab9e) Importer(815301076,1909f56bfc062723c751e8b465ee728b)
Start importing Assets/Animation/top1/Top_animtion0_01.png using Guid(2cabdf21476c6234381fc2bce31aab9e) Importer(815301076,1909f56bfc062723c751e8b465ee728b)  -> (artifact id: '2c6e61e2d40a24f378a449c9595034f6') in 0.126803 seconds
Number of updated asset objects reloaded before import = 0
Number of asset objects unloaded after import = 3
Editor requested this worker to shutdown with reason: Scaling down because of idle timeout
TcpMessagingSession - receive error: operation aborted. errorcode: 995, details: ќпераци€ ввода/вывода была прервана из-за завершени€ потока команд или по запросу приложени€.
AssetImportWorker is now disconnected from the server
Process exiting
Exiting without the bug reporter. Application will terminate with return code 0